2020-12-09 02:36:08 INFO: hebe.enableStackTraces = "false"
2020-12-09 02:36:08 INFO: hebe.enableLogTraceback = "false"
2020-12-09 02:36:08 INFO: logging enabled
2020-12-09 02:36:08 INFO: socksProxyHost not defined
2020-12-09 02:36:08 INFO: socksProxyPort not defined
2020-12-09 02:36:08 FINE: java.version = 1.8.0_212
2020-12-09 02:36:08 FINE: java.vm.version = 25.212-b03
2020-12-09 02:36:08 FINE: java.vm.name = OpenJDK 64-Bit Server VM
2020-12-09 02:36:08 FINE: java.vendor = AdoptOpenJDK
2020-12-09 02:36:08 FINE: java.vm.vendor = AdoptOpenJDK
2020-12-09 02:36:08 FINE: java.home = /Library/Java/JavaVirtualMachines/adoptopenjdk-8.jdk/Contents/Home/jre
2020-12-09 02:36:08 FINE: java.library.path = /Users/zhanghuasheng/Library/Java/Extensions:/Library/Java/Extensions:/Network/Library/Java/Extensions:/System/Library/Java/Extensions:/usr/lib/java:.
2020-12-09 02:36:08 FINE: java.class.path = classes:lib/bcprov-jdk15on-156.jar:lib/jetty-security-9.3.17.v20170317.jar:lib/h2-1.4.194.jar:lib/slf4j-api-1.7.22.jar:lib/websocket-server-9.3.17.v20170317.jar:lib/lucene-core-5.3.2.jar:lib/tika-core-1.13.jar:lib/jetty-proxy-9.3.17.v20170317.jar:lib/jetty-http-9.3.17.v20170317.jar:lib/slf4j-jdk14-1.7.22.jar:lib/jetty-client-9.3.17.v20170317.jar:lib/javax.servlet-api-3.1.0.jar:lib/jetty-servlet-9.3.17.v20170317.jar:lib/javase-3.3.0.jar:lib/jetty-servlets-9.3.17.v20170317.jar:lib/json-simple-1.1.1.jar:lib/jetty-server-9.3.17.v20170317.jar:lib/jetty-util-9.3.17.v20170317.jar:lib/websocket-common-9.3.17.v20170317.jar:lib/lucene-queryparser-5.3.2.jar:lib/jetty-io-9.3.17.v20170317.jar:lib/websocket-client-9.3.17.v20170317.jar:lib/lucene-analyzers-common-5.3.2.jar:lib/commons-lang-2.6.jar:lib/tika-parsers-1.13.jar:lib/websocket-api-9.3.17.v20170317.jar:lib/websocket-servlet-9.3.17.v20170317.jar:lib/lucene-queries-5.3.2.jar:lib/core-3.3.0.jar:lib/weupnp-0.1.4.jar:lib/jetty-continuation-9.3.17.v20170317.jar:conf:addons/classes:addons/lib/*
2020-12-09 02:36:08 FINE: os.arch = x86_64
2020-12-09 02:36:08 FINE: sun.arch.data.model = 64
2020-12-09 02:36:08 FINE: os.name = Mac OS X
2020-12-09 02:36:08 FINE: file.encoding = UTF-8
2020-12-09 02:36:08 FINE: java.security.policy = null
2020-12-09 02:36:08 FINE: java.security.manager = null
2020-12-09 02:36:08 FINE: hebe.runtime.mode = null
2020-12-09 02:36:08 FINE: hebe.runtime.dirProvider = null
2020-12-09 02:36:08 FINE: availableProcessors = 16
2020-12-09 02:36:08 FINE: maxMemory = 7635730432
2020-12-09 02:36:08 FINE: processId = 61035
2020-12-09 02:36:08 INFO: hebe.isTestnet = "false"
2020-12-09 02:36:08 INFO: hebe.isOffline = "false"
2020-12-09 02:36:08 INFO: hebe.isLightClient = "false"
2020-12-09 02:36:08 INFO: hebe.maxRollback = "800"
2020-12-09 02:36:08 INFO: hebe.forgingDelay = "20"
2020-12-09 02:36:08 INFO: hebe.forgingSpeedup = "15"
2020-12-09 02:36:08 INFO: hebe.maxPrunableLifetime = "7776000"
2020-12-09 02:36:08 INFO: hebe.includeExpiredPrunable = "true"
2020-12-09 02:36:08 INFO: hebe.correctInvalidFees = "false"
2020-12-09 02:36:08 INFO: hebe.statementLogThreshold = "10000"
2020-12-09 02:36:08 INFO: hebe.transactionLogThreshold = "15000"
2020-12-09 02:36:08 INFO: hebe.transactionLogInterval = "15"
2020-12-09 02:36:08 INFO: hebe.dbCacheKB = "0"
2020-12-09 02:36:08 INFO: hebe.dbUrl not defined
2020-12-09 02:36:08 INFO: hebe.dbType = "h2"
2020-12-09 02:36:08 INFO: hebe.dbDir = "./hebe_db/hebe"
2020-12-09 02:36:08 INFO: hebe.dbParams = "DB_CLOSE_ON_EXIT=FALSE;MVCC=TRUE;MV_STORE=FALSE"
2020-12-09 02:36:08 INFO: hebe.dbUsername = "sa"
2020-12-09 02:36:08 INFO: hebe.dbPassword = "{not logged}"
2020-12-09 02:36:08 INFO: hebe.maxDbConnections = "30"
2020-12-09 02:36:08 INFO: hebe.dbLoginTimeout = "70"
2020-12-09 02:36:08 INFO: hebe.dbDefaultLockTimeout = "60"
2020-12-09 02:36:08 INFO: hebe.dbMaxMemoryRows = "1000000"
2020-12-09 02:36:08 FINE: Database jdbc url set to jdbc:h2:./hebe_db/hebe;DB_CLOSE_ON_EXIT=FALSE;MVCC=TRUE;MV_STORE=FALSE;CACHE_SIZE=262144 username sa
2020-12-09 02:36:09 INFO: hebe.useStrongSecureRandom = "false"
2020-12-09 02:36:09 FINE: Database connection pool current size: 1
2020-12-09 02:36:09 INFO: Initializing an empty database
2020-12-09 02:36:09 FINE: Database connection pool current size: 2
2020-12-09 02:36:09 FINE: Will apply sql:
CREATE TABLE IF NOT EXISTS block (db_id IDENTITY, id BIGINT NOT NULL, version INT NOT NULL, timestamp INT NOT NULL, previous_block_id BIGINT, total_amount BIGINT NOT NULL, total_fee BIGINT NOT NULL, payload_length INT NOT NULL, previous_block_hash BINARY(32), cumulative_difficulty VARBINARY NOT NULL, base_target BIGINT NOT NULL, next_block_id BIGINT, height INT NOT NULL, generation_signature BINARY(64) NOT NULL, block_signature BINARY(64) NOT NULL, payload_hash BINARY(32) NOT NULL, generator_id BIGINT NOT NULL)
2020-12-09 02:36:09 FINE: Will apply sql:
CREATE UNIQUE INDEX IF NOT EXISTS block_id_idx ON block (id)
2020-12-09 02:36:09 FINE: Will apply sql:
CREATE TABLE IF NOT EXISTS transaction (db_id IDENTITY, id BIGINT NOT NULL, deadline SMALLINT NOT NULL, recipient_id BIGINT, amount BIGINT NOT NULL, fee BIGINT NOT NULL, full_hash BINARY(32) NOT NULL, height INT NOT NULL, block_id BIGINT NOT NULL, FOREIGN KEY (block_id) REFERENCES block (id) ON DELETE CASCADE, signature BINARY(64) NOT NULL, timestamp INT NOT NULL, type TINYINT NOT NULL, subtype TINYINT NOT NULL, sender_id BIGINT NOT NULL, block_timestamp INT NOT NULL, referenced_transaction_full_hash BINARY(32), transaction_index SMALLINT NOT NULL, phased BOOLEAN NOT NULL DEFAULT FALSE, attachment_bytes VARBINARY, version TINYINT NOT NULL, has_message BOOLEAN NOT NULL DEFAULT FALSE, has_encrypted_message BOOLEAN NOT NULL DEFAULT FALSE, has_public_key_announcement BOOLEAN NOT NULL DEFAULT FALSE, has_prunable_message BOOLEAN NOT NULL DEFAULT FALSE, has_prunable_attachment BOOLEAN NOT NULL DEFAULT FALSE, ec_block_height INT DEFAULT NULL, ec_block_id BIGINT DEFAULT NULL, has_encrypttoself_message BOOLEAN NOT NULL DEFAULT FALSE)
2020-12-09 02:36:09 FINE: Will apply sql:
CREATE UNIQUE INDEX IF NOT EXISTS transaction_id_idx ON transaction (id)
2020-12-09 02:36:09 FINE: Will apply sql:
CREATE UNIQUE INDEX IF NOT EXISTS block_height_idx ON block (height)
2020-12-09 02:36:09 FINE: Will apply sql:
CREATE INDEX IF NOT EXISTS block_generator_id_idx ON block (generator_id)
2020-12-09 02:36:09 FINE: Will apply sql:
CREATE INDEX IF NOT EXISTS transaction_sender_id_idx ON transaction (sender_id)
2020-12-09 02:36:09 FINE: Will apply sql:
CREATE INDEX IF NOT EXISTS transaction_recipient_id_idx ON transaction (recipient_id)
2020-12-09 02:36:09 FINE: Will apply sql:
CREATE TABLE IF NOT EXISTS peer (address VARCHAR PRIMARY KEY, last_updated INT, services BIGINT)
2020-12-09 02:36:09 FINE: Will apply sql:
CREATE INDEX IF NOT EXISTS transaction_block_timestamp_idx ON transaction (block_timestamp DESC)
2020-12-09 02:36:09 FINE: Will apply sql:
CREATE TABLE IF NOT EXISTS alias (db_id IDENTITY, id BIGINT NOT NULL, account_id BIGINT NOT NULL, alias_name VARCHAR NOT NULL, alias_name_lower VARCHAR AS LOWER (alias_name) NOT NULL, alias_uri VARCHAR NOT NULL, timestamp INT NOT NULL, height INT NOT NULL, latest BOOLEAN NOT NULL DEFAULT TRUE)
2020-12-09 02:36:09 FINE: Will apply sql:
CREATE UNIQUE INDEX IF NOT EXISTS alias_id_height_idx ON alias (id, height DESC)
2020-12-09 02:36:09 FINE: Will apply sql:
CREATE INDEX IF NOT EXISTS alias_account_id_idx ON alias (account_id, height DESC)
2020-12-09 02:36:09 FINE: Will apply sql:
CREATE INDEX IF NOT EXISTS alias_name_lower_idx ON alias (alias_name_lower)
2020-12-09 02:36:09 FINE: Will apply sql:
CREATE TABLE IF NOT EXISTS alias_offer (db_id IDENTITY, id BIGINT NOT NULL, price BIGINT NOT NULL, buyer_id BIGINT, height INT NOT NULL, latest BOOLEAN DEFAULT TRUE NOT NULL)
2020-12-09 02:36:09 FINE: Will apply sql:
CREATE UNIQUE INDEX IF NOT EXISTS alias_offer_id_height_idx ON alias_offer (id, height DESC)
2020-12-09 02:36:09 FINE: Will apply sql:
CREATE TABLE IF NOT EXISTS asset (db_id IDENTITY, id BIGINT NOT NULL, account_id BIGINT NOT NULL, name VARCHAR NOT NULL, description VARCHAR, quantity BIGINT NOT NULL, decimals TINYINT NOT NULL, initial_quantity BIGINT NOT NULL, height INT NOT NULL, latest BOOLEAN NOT NULL DEFAULT TRUE)
2020-12-09 02:36:09 FINE: Will apply sql:
CREATE INDEX IF NOT EXISTS asset_account_id_idx ON asset (account_id)
2020-12-09 02:36:09 FINE: Will apply sql:
CREATE TABLE IF NOT EXISTS trade (db_id IDENTITY, asset_id BIGINT NOT NULL, block_id BIGINT NOT NULL, ask_order_id BIGINT NOT NULL, bid_order_id BIGINT NOT NULL, ask_order_height INT NOT NULL, bid_order_height INT NOT NULL, seller_id BIGINT NOT NULL, buyer_id BIGINT NOT NULL, is_buy BOOLEAN NOT NULL, quantity BIGINT NOT NULL, price BIGINT NOT NULL, timestamp INT NOT NULL, height INT NOT NULL)
2020-12-09 02:36:09 FINE: Will apply sql:
CREATE INDEX IF NOT EXISTS trade_asset_id_idx ON trade (asset_id, height DESC)
2020-12-09 02:36:09 FINE: Will apply sql:
CREATE INDEX IF NOT EXISTS trade_seller_id_idx ON trade (seller_id, height DESC)
2020-12-09 02:36:09 FINE: Will apply sql:
CREATE INDEX IF NOT EXISTS trade_buyer_id_idx ON trade (buyer_id, height DESC)
2020-12-09 02:36:09 FINE: Will apply sql:
CREATE TABLE IF NOT EXISTS ask_order (db_id IDENTITY, id BIGINT NOT NULL, account_id BIGINT NOT NULL, asset_id BIGINT NOT NULL, price BIGINT NOT NULL, transaction_index SMALLINT NOT NULL, transaction_height INT NOT NULL, quantity BIGINT NOT NULL, creation_height INT NOT NULL, height INT NOT NULL, latest BOOLEAN NOT NULL DEFAULT TRUE)
2020-12-09 02:36:09 FINE: Will apply sql:
CREATE UNIQUE INDEX IF NOT EXISTS ask_order_id_height_idx ON ask_order (id, height DESC)
2020-12-09 02:36:09 FINE: Will apply sql:
CREATE INDEX IF NOT EXISTS ask_order_account_id_idx ON ask_order (account_id, height DESC)
2020-12-09 02:36:09 FINE: Will apply sql:
CREATE INDEX IF NOT EXISTS ask_order_asset_id_price_idx ON ask_order (asset_id, price)
2020-12-09 02:36:09 FINE: Will apply sql:
CREATE TABLE IF NOT EXISTS bid_order (db_id IDENTITY, id BIGINT NOT NULL, account_id BIGINT NOT NULL, asset_id BIGINT NOT NULL, price BIGINT NOT NULL, transaction_index SMALLINT NOT NULL, transaction_height INT NOT NULL, quantity BIGINT NOT NULL, creation_height INT NOT NULL, height INT NOT NULL, latest BOOLEAN NOT NULL DEFAULT TRUE)
2020-12-09 02:36:09 FINE: Will apply sql:
CREATE UNIQUE INDEX IF NOT EXISTS bid_order_id_height_idx ON bid_order (id, height DESC)
2020-12-09 02:36:09 FINE: Will apply sql:
CREATE INDEX IF NOT EXISTS bid_order_account_id_idx ON bid_order (account_id, height DESC)
2020-12-09 02:36:09 FINE: Will apply sql:
CREATE INDEX IF NOT EXISTS bid_order_asset_id_price_idx ON bid_order (asset_id, price DESC)
2020-12-09 02:36:09 FINE: Will apply sql:
CREATE TABLE IF NOT EXISTS goods (db_id IDENTITY, id BIGINT NOT NULL, seller_id BIGINT NOT NULL, name VARCHAR NOT NULL, description VARCHAR, parsed_tags ARRAY, tags VARCHAR, timestamp INT NOT NULL, quantity INT NOT NULL, price BIGINT NOT NULL, delisted BOOLEAN NOT NULL, height INT NOT NULL, latest BOOLEAN NOT NULL DEFAULT TRUE)
2020-12-09 02:36:09 FINE: Will apply sql:
CREATE UNIQUE INDEX IF NOT EXISTS goods_id_height_idx ON goods (id, height DESC)
2020-12-09 02:36:09 FINE: Will apply sql:
CREATE INDEX IF NOT EXISTS goods_seller_id_name_idx ON goods (seller_id, name)
2020-12-09 02:36:09 FINE: Will apply sql:
CREATE INDEX IF NOT EXISTS goods_timestamp_idx ON goods (timestamp DESC, height DESC)
2020-12-09 02:36:09 FINE: Will apply sql:
CREATE TABLE IF NOT EXISTS purchase (db_id IDENTITY, id BIGINT NOT NULL, buyer_id BIGINT NOT NULL, goods_id BIGINT NOT NULL, seller_id BIGINT NOT NULL, quantity INT NOT NULL, price BIGINT NOT NULL, deadline INT NOT NULL, note VARBINARY, nonce BINARY(32), timestamp INT NOT NULL, pending BOOLEAN NOT NULL, goods VARBINARY, goods_nonce BINARY(32), goods_is_text BOOLEAN NOT NULL DEFAULT TRUE, refund_note VARBINARY, refund_nonce BINARY(32), has_feedback_notes BOOLEAN NOT NULL DEFAULT FALSE, has_public_feedbacks BOOLEAN NOT NULL DEFAULT FALSE, discount BIGINT NOT NULL, refund BIGINT NOT NULL, height INT NOT NULL, latest BOOLEAN NOT NULL DEFAULT TRUE)
2020-12-09 02:36:09 FINE: Will apply sql:
CREATE UNIQUE INDEX IF NOT EXISTS purchase_id_height_idx ON purchase (id, height DESC)
2020-12-09 02:36:09 FINE: Will apply sql:
CREATE INDEX IF NOT EXISTS purchase_buyer_id_height_idx ON purchase (buyer_id, height DESC)
2020-12-09 02:36:09 FINE: Will apply sql:
CREATE INDEX IF NOT EXISTS purchase_seller_id_height_idx ON purchase (seller_id, height DESC)
2020-12-09 02:36:09 FINE: Will apply sql:
CREATE INDEX IF NOT EXISTS purchase_deadline_idx ON purchase (deadline DESC, height DESC)
2020-12-09 02:36:09 FINE: Will apply sql:
CREATE TABLE IF NOT EXISTS account (db_id IDENTITY, id BIGINT NOT NULL, balance BIGINT NOT NULL, unconfirmed_balance BIGINT NOT NULL, forged_balance BIGINT NOT NULL, active_lessee_id BIGINT, has_control_phasing BOOLEAN NOT NULL DEFAULT FALSE, height INT NOT NULL, latest BOOLEAN NOT NULL DEFAULT TRUE)
2020-12-09 02:36:09 FINE: Will apply sql:
CREATE UNIQUE INDEX IF NOT EXISTS account_id_height_idx ON account (id, height DESC)
2020-12-09 02:36:09 FINE: Will apply sql:
CREATE TABLE IF NOT EXISTS account_asset (db_id IDENTITY, account_id BIGINT NOT NULL, asset_id BIGINT NOT NULL, quantity BIGINT NOT NULL, unconfirmed_quantity BIGINT NOT NULL, height INT NOT NULL, latest BOOLEAN NOT NULL DEFAULT TRUE)
2020-12-09 02:36:09 FINE: Will apply sql:
CREATE UNIQUE INDEX IF NOT EXISTS account_asset_id_height_idx ON account_asset (account_id, asset_id, height DESC)
2020-12-09 02:36:09 FINE: Will apply sql:
CREATE TABLE IF NOT EXISTS account_guaranteed_balance (db_id IDENTITY, account_id BIGINT NOT NULL, additions BIGINT NOT NULL, height INT NOT NULL)
2020-12-09 02:36:09 FINE: Will apply sql:
CREATE UNIQUE INDEX IF NOT EXISTS account_guaranteed_balance_id_height_idx ON account_guaranteed_balance (account_id, height DESC)
2020-12-09 02:36:09 FINE: Will apply sql:
CREATE TABLE IF NOT EXISTS purchase_feedback (db_id IDENTITY, id BIGINT NOT NULL, feedback_data VARBINARY NOT NULL, feedback_nonce BINARY(32) NOT NULL, height INT NOT NULL, latest BOOLEAN NOT NULL DEFAULT TRUE)
2020-12-09 02:36:09 FINE: Will apply sql:
CREATE INDEX IF NOT EXISTS purchase_feedback_id_height_idx ON purchase_feedback (id, height DESC)
2020-12-09 02:36:09 FINE: Will apply sql:
CREATE TABLE IF NOT EXISTS purchase_public_feedback (db_id IDENTITY, id BIGINT NOT NULL, public_feedback VARCHAR NOT NULL, height INT NOT NULL, latest BOOLEAN NOT NULL DEFAULT TRUE)
2020-12-09 02:36:09 FINE: Will apply sql:
CREATE INDEX IF NOT EXISTS purchase_public_feedback_id_height_idx ON purchase_public_feedback (id, height DESC)
2020-12-09 02:36:09 FINE: Will apply sql:
CREATE TABLE IF NOT EXISTS unconfirmed_transaction (db_id IDENTITY, id BIGINT NOT NULL, expiration INT NOT NULL, transaction_height INT NOT NULL, fee_per_byte BIGINT NOT NULL, arrival_timestamp BIGINT NOT NULL, transaction_bytes VARBINARY NOT NULL, height INT NOT NULL)
2020-12-09 02:36:09 FINE: Will apply sql:
CREATE UNIQUE INDEX IF NOT EXISTS unconfirmed_transaction_id_idx ON unconfirmed_transaction (id)
2020-12-09 02:36:09 FINE: Will apply sql:
CREATE TABLE IF NOT EXISTS asset_transfer (db_id IDENTITY, id BIGINT NOT NULL, asset_id BIGINT NOT NULL, sender_id BIGINT NOT NULL, recipient_id BIGINT NOT NULL, quantity BIGINT NOT NULL, timestamp INT NOT NULL, height INT NOT NULL)
2020-12-09 02:36:09 FINE: Will apply sql:
CREATE UNIQUE INDEX IF NOT EXISTS asset_transfer_id_idx ON asset_transfer (id)
2020-12-09 02:36:09 FINE: Will apply sql:
CREATE INDEX IF NOT EXISTS asset_transfer_asset_id_idx ON asset_transfer (asset_id, height DESC)
2020-12-09 02:36:09 FINE: Will apply sql:
CREATE INDEX IF NOT EXISTS asset_transfer_sender_id_idx ON asset_transfer (sender_id, height DESC)
2020-12-09 02:36:09 FINE: Will apply sql:
CREATE INDEX IF NOT EXISTS asset_transfer_recipient_id_idx ON asset_transfer (recipient_id, height DESC)
2020-12-09 02:36:09 FINE: Will apply sql:
CREATE INDEX IF NOT EXISTS account_asset_quantity_idx ON account_asset (quantity DESC)
2020-12-09 02:36:09 FINE: Will apply sql:
CREATE INDEX IF NOT EXISTS purchase_timestamp_idx ON purchase (timestamp DESC, id)
2020-12-09 02:36:09 FINE: Will apply sql:
CREATE INDEX IF NOT EXISTS ask_order_creation_idx ON ask_order (creation_height DESC)
2020-12-09 02:36:09 FINE: Will apply sql:
CREATE INDEX IF NOT EXISTS bid_order_creation_idx ON bid_order (creation_height DESC)
2020-12-09 02:36:09 FINE: Will apply sql:
CREATE UNIQUE INDEX IF NOT EXISTS block_timestamp_idx ON block (timestamp DESC)
2020-12-09 02:36:09 FINE: Will apply sql:
ALTER TABLE goods ADD COLUMN IF NOT EXISTS parsed_tags ARRAY
2020-12-09 02:36:09 FINE: Will apply sql:
CREATE TABLE IF NOT EXISTS tag (db_id IDENTITY, tag VARCHAR NOT NULL, in_stock_count INT NOT NULL, total_count INT NOT NULL, height INT NOT NULL, latest BOOLEAN NOT NULL DEFAULT TRUE)
2020-12-09 02:36:09 FINE: Will apply sql:
CREATE UNIQUE INDEX IF NOT EXISTS tag_tag_idx ON tag (tag, height DESC)
2020-12-09 02:36:09 FINE: Will apply sql:
CREATE INDEX IF NOT EXISTS tag_in_stock_count_idx ON tag (in_stock_count DESC, height DESC)
2020-12-09 02:36:09 FINE: Will apply sql:
CREATE TABLE IF NOT EXISTS currency (db_id IDENTITY, id BIGINT NOT NULL, account_id BIGINT NOT NULL, name VARCHAR NOT NULL, name_lower VARCHAR AS LOWER (name) NOT NULL, code VARCHAR NOT NULL, description VARCHAR, type INT NOT NULL, initial_supply BIGINT NOT NULL DEFAULT 0, reserve_supply BIGINT NOT NULL, max_supply BIGINT NOT NULL, creation_height INT NOT NULL, issuance_height INT NOT NULL, min_reserve_per_unit_nqt BIGINT NOT NULL, min_difficulty TINYINT NOT NULL, max_difficulty TINYINT NOT NULL, ruleset TINYINT NOT NULL, algorithm TINYINT NOT NULL, decimals TINYINT NOT NULL DEFAULT 0,height INT NOT NULL, latest BOOLEAN NOT NULL DEFAULT TRUE)
2020-12-09 02:36:09 FINE: Will apply sql:
CREATE UNIQUE INDEX IF NOT EXISTS currency_id_height_idx ON currency (id, height DESC)
2020-12-09 02:36:09 FINE: Will apply sql:
CREATE INDEX IF NOT EXISTS currency_account_id_idx ON currency (account_id)
2020-12-09 02:36:09 FINE: Will apply sql:
CREATE TABLE IF NOT EXISTS account_currency (db_id IDENTITY, account_id BIGINT NOT NULL, currency_id BIGINT NOT NULL, units BIGINT NOT NULL, unconfirmed_units BIGINT NOT NULL, height INT NOT NULL, latest BOOLEAN NOT NULL DEFAULT TRUE)
2020-12-09 02:36:09 FINE: Will apply sql:
CREATE UNIQUE INDEX IF NOT EXISTS account_currency_id_height_idx ON account_currency (account_id, currency_id, height DESC)
2020-12-09 02:36:09 FINE: Will apply sql:
CREATE TABLE IF NOT EXISTS currency_founder (db_id IDENTITY, currency_id BIGINT NOT NULL, account_id BIGINT NOT NULL, amount BIGINT NOT NULL, height INT NOT NULL, latest BOOLEAN NOT NULL DEFAULT TRUE)
2020-12-09 02:36:09 FINE: Will apply sql:
CREATE UNIQUE INDEX IF NOT EXISTS currency_founder_currency_id_idx ON currency_founder (currency_id, account_id, height DESC)
2020-12-09 02:36:09 FINE: Will apply sql:
CREATE TABLE IF NOT EXISTS currency_mint (db_id IDENTITY, currency_id BIGINT NOT NULL, account_id BIGINT NOT NULL, counter BIGINT NOT NULL, height INT NOT NULL, latest BOOLEAN NOT NULL DEFAULT TRUE)
2020-12-09 02:36:09 FINE: Will apply sql:
CREATE UNIQUE INDEX IF NOT EXISTS currency_mint_currency_id_account_id_idx ON currency_mint (currency_id, account_id, height DESC)
2020-12-09 02:36:09 FINE: Will apply sql:
CREATE TABLE IF NOT EXISTS buy_offer (db_id IDENTITY, id BIGINT NOT NULL, currency_id BIGINT NOT NULL, account_id BIGINT NOT NULL,rate BIGINT NOT NULL, unit_limit BIGINT NOT NULL, supply BIGINT NOT NULL, expiration_height INT NOT NULL, transaction_height INT NOT NULL, creation_height INT NOT NULL, transaction_index SMALLINT NOT NULL, height INT NOT NULL, latest BOOLEAN NOT NULL DEFAULT TRUE)
2020-12-09 02:36:09 FINE: Will apply sql:
CREATE UNIQUE INDEX IF NOT EXISTS buy_offer_id_idx ON buy_offer (id, height DESC)
2020-12-09 02:36:09 FINE: Will apply sql:
CREATE INDEX IF NOT EXISTS buy_offer_currency_id_account_id_idx ON buy_offer (currency_id, account_id, height DESC)
2020-12-09 02:36:09 FINE: Will apply sql:
CREATE TABLE IF NOT EXISTS sell_offer (db_id IDENTITY, id BIGINT NOT NULL, currency_id BIGINT NOT NULL, account_id BIGINT NOT NULL, rate BIGINT NOT NULL, unit_limit BIGINT NOT NULL, supply BIGINT NOT NULL, expiration_height INT NOT NULL, transaction_height INT NOT NULL, creation_height INT NOT NULL, transaction_index SMALLINT NOT NULL, height INT NOT NULL, latest BOOLEAN NOT NULL DEFAULT TRUE)
2020-12-09 02:36:09 FINE: Will apply sql:
CREATE UNIQUE INDEX IF NOT EXISTS sell_offer_id_idx ON sell_offer (id, height DESC)
2020-12-09 02:36:09 FINE: Will apply sql:
CREATE INDEX IF NOT EXISTS sell_offer_currency_id_account_id_idx ON sell_offer (currency_id, account_id, height DESC)
2020-12-09 02:36:09 FINE: Will apply sql:
CREATE TABLE IF NOT EXISTS exchange (db_id IDENTITY, transaction_id BIGINT NOT NULL, currency_id BIGINT NOT NULL, block_id BIGINT NOT NULL, offer_id BIGINT NOT NULL, seller_id BIGINT NOT NULL, buyer_id BIGINT NOT NULL, units BIGINT NOT NULL, rate BIGINT NOT NULL, timestamp INT NOT NULL, height INT NOT NULL)
2020-12-09 02:36:09 FINE: Will apply sql:
CREATE UNIQUE INDEX IF NOT EXISTS exchange_offer_idx ON exchange (transaction_id, offer_id)
2020-12-09 02:36:09 FINE: Will apply sql:
CREATE INDEX IF NOT EXISTS exchange_currency_id_idx ON exchange (currency_id, height DESC)
2020-12-09 02:36:09 FINE: Will apply sql:
CREATE INDEX IF NOT EXISTS exchange_seller_id_idx ON exchange (seller_id, height DESC)
2020-12-09 02:36:09 FINE: Will apply sql:
CREATE INDEX IF NOT EXISTS exchange_buyer_id_idx ON exchange (buyer_id, height DESC)
2020-12-09 02:36:09 FINE: Will apply sql:
CREATE TABLE IF NOT EXISTS currency_transfer (db_id IDENTITY, id BIGINT NOT NULL, currency_id BIGINT NOT NULL, sender_id BIGINT NOT NULL, recipient_id BIGINT NOT NULL, units BIGINT NOT NULL, timestamp INT NOT NULL, height INT NOT NULL)
2020-12-09 02:36:09 FINE: Will apply sql:
CREATE UNIQUE INDEX IF NOT EXISTS currency_transfer_id_idx ON currency_transfer (id)
2020-12-09 02:36:09 FINE: Will apply sql:
CREATE INDEX IF NOT EXISTS currency_transfer_currency_id_idx ON currency_transfer (currency_id, height DESC)
2020-12-09 02:36:09 FINE: Will apply sql:
CREATE INDEX IF NOT EXISTS currency_transfer_sender_id_idx ON currency_transfer (sender_id, height DESC)
2020-12-09 02:36:09 FINE: Will apply sql:
CREATE INDEX IF NOT EXISTS currency_transfer_recipient_id_idx ON currency_transfer (recipient_id, height DESC)
2020-12-09 02:36:09 FINE: Will apply sql:
CREATE INDEX IF NOT EXISTS account_currency_units_idx ON account_currency (units DESC)
2020-12-09 02:36:09 FINE: Will apply sql:
CREATE INDEX IF NOT EXISTS currency_name_idx ON currency (name_lower, height DESC)
2020-12-09 02:36:09 FINE: Will apply sql:
CREATE INDEX IF NOT EXISTS currency_code_idx ON currency (code, height DESC)
2020-12-09 02:36:09 FINE: Will apply sql:
CREATE INDEX IF NOT EXISTS buy_offer_rate_height_idx ON buy_offer (rate DESC, creation_height ASC)
2020-12-09 02:36:09 FINE: Will apply sql:
CREATE INDEX IF NOT EXISTS sell_offer_rate_height_idx ON sell_offer (rate ASC, creation_height ASC)
2020-12-09 02:36:09 FINE: Will apply sql:
DROP INDEX IF EXISTS unconfirmed_transaction_height_fee_timestamp_idx
2020-12-09 02:36:09 FINE: Will apply sql:
ALTER TABLE unconfirmed_transaction DROP COLUMN IF EXISTS timestamp
2020-12-09 02:36:09 FINE: Will apply sql:
ALTER TABLE unconfirmed_transaction ADD COLUMN IF NOT EXISTS arrival_timestamp BIGINT NOT NULL DEFAULT 0
2020-12-09 02:36:09 FINE: Will apply sql:
CREATE INDEX IF NOT EXISTS unconfirmed_transaction_height_fee_timestamp_idx ON unconfirmed_transaction (transaction_height ASC, fee_per_byte DESC, arrival_timestamp ASC)
2020-12-09 02:36:09 INFO: hebe.trimDerivedTables = "true"
2020-12-09 02:36:09 INFO: hebe.numberOfForkConfirmations = "3"
2020-12-09 02:36:09 INFO: hebe.simulateEndlessDownload not defined, assuming false
2020-12-09 02:36:09 INFO: hebe.trimFrequency = "1000"
2020-12-09 02:36:09 INFO: hebe.disableGetMoreBlocksThread not defined, assuming false
2020-12-09 02:36:09 INFO: Deleting blockchain...
2020-12-09 02:36:09 FINE: Average database transaction time is 0.002 seconds
2020-12-09 02:36:09 FINE: Will apply sql:
ALTER TABLE transaction ADD COLUMN IF NOT EXISTS transaction_index SMALLINT NOT NULL
2020-12-09 02:36:09 FINE: Will apply sql:
TRUNCATE TABLE ask_order
2020-12-09 02:36:09 FINE: Will apply sql:
ALTER TABLE ask_order ADD COLUMN IF NOT EXISTS transaction_index SMALLINT NOT NULL
2020-12-09 02:36:09 FINE: Will apply sql:
TRUNCATE TABLE bid_order
2020-12-09 02:36:09 FINE: Will apply sql:
ALTER TABLE bid_order ADD COLUMN IF NOT EXISTS transaction_index SMALLINT NOT NULL
2020-12-09 02:36:09 FINE: Will apply sql:
CREATE TABLE IF NOT EXISTS scan (rescan BOOLEAN NOT NULL DEFAULT FALSE, height INT NOT NULL DEFAULT 0, validate BOOLEAN NOT NULL DEFAULT FALSE)
2020-12-09 02:36:09 FINE: Will apply sql:
INSERT INTO scan (rescan, height, validate) VALUES (false, 0, false)
2020-12-09 02:36:09 FINE: Will apply sql:
CREATE INDEX IF NOT EXISTS currency_creation_height_idx ON currency (creation_height DESC)
2020-12-09 02:36:09 FINE: Will apply sql:
CREATE TABLE IF NOT EXISTS currency_supply (db_id IDENTITY, id BIGINT NOT NULL, current_supply BIGINT NOT NULL, current_reserve_per_unit_nqt BIGINT NOT NULL, height INT NOT NULL, latest BOOLEAN NOT NULL DEFAULT TRUE)
2020-12-09 02:36:09 FINE: Will apply sql:
CREATE UNIQUE INDEX IF NOT EXISTS currency_supply_id_height_idx ON currency_supply (id, height DESC)
2020-12-09 02:36:09 FINE: Will apply sql:
TRUNCATE TABLE currency
2020-12-09 02:36:09 FINE: Will apply sql:
ALTER TABLE currency DROP COLUMN IF EXISTS current_supply
2020-12-09 02:36:09 FINE: Will apply sql:
ALTER TABLE currency DROP COLUMN IF EXISTS current_reserve_per_unit_nqt
2020-12-09 02:36:09 FINE: Will apply sql:
CREATE TABLE IF NOT EXISTS public_key (db_id IDENTITY, account_id BIGINT NOT NULL, public_key BINARY(32), height INT NOT NULL, FOREIGN KEY (height) REFERENCES block (height) ON DELETE CASCADE, latest BOOLEAN NOT NULL DEFAULT TRUE)
2020-12-09 02:36:09 FINE: Will apply sql:
ALTER TABLE account DROP COLUMN IF EXISTS public_key
2020-12-09 02:36:09 FINE: Will apply sql:
ALTER TABLE block DROP COLUMN IF EXISTS generator_public_key
2020-12-09 02:36:09 FINE: Will apply sql:
ALTER TABLE transaction DROP COLUMN IF EXISTS sender_public_key
2020-12-09 02:36:09 FINE: Will apply sql:
CREATE INDEX IF NOT EXISTS account_guaranteed_balance_height_idx ON account_guaranteed_balance(height)
2020-12-09 02:36:09 FINE: Will apply sql:
CREATE INDEX IF NOT EXISTS asset_transfer_height_idx ON asset_transfer(height)
2020-12-09 02:36:09 FINE: Will apply sql:
CREATE INDEX IF NOT EXISTS currency_transfer_height_idx ON currency_transfer(height)
2020-12-09 02:36:09 FINE: Will apply sql:
CREATE INDEX IF NOT EXISTS exchange_height_idx ON exchange(height)
2020-12-09 02:36:09 FINE: Will apply sql:
CREATE INDEX IF NOT EXISTS trade_height_idx ON trade(height)
2020-12-09 02:36:09 FINE: Will apply sql:
DROP TABLE IF EXISTS poll
2020-12-09 02:36:09 FINE: Will apply sql:
DROP TABLE IF EXISTS vote
2020-12-09 02:36:09 FINE: Will apply sql:
CREATE TABLE IF NOT EXISTS vote (db_id IDENTITY, id BIGINT NOT NULL, poll_id BIGINT NOT NULL, voter_id BIGINT NOT NULL, vote_bytes VARBINARY NOT NULL, height INT NOT NULL)
2020-12-09 02:36:09 FINE: Will apply sql:
CREATE UNIQUE INDEX IF NOT EXISTS vote_id_idx ON vote (id)
2020-12-09 02:36:09 FINE: Will apply sql:
CREATE UNIQUE INDEX IF NOT EXISTS vote_poll_id_idx ON vote (poll_id, voter_id)
2020-12-09 02:36:09 FINE: Will apply sql:
CREATE TABLE IF NOT EXISTS poll (db_id IDENTITY, id BIGINT NOT NULL, account_id BIGINT NOT NULL, name VARCHAR NOT NULL, description VARCHAR, options ARRAY NOT NULL, min_num_options TINYINT, max_num_options TINYINT, min_range_value TINYINT, max_range_value TINYINT, timestamp INT NOT NULL, finish_height INT NOT NULL, voting_model TINYINT NOT NULL, min_balance BIGINT, min_balance_model TINYINT, holding_id BIGINT, height INT NOT NULL)
2020-12-09 02:36:09 FINE: Will apply sql:
CREATE TABLE IF NOT EXISTS poll_result (db_id IDENTITY, poll_id BIGINT NOT NULL, result BIGINT, weight BIGINT NOT NULL, height INT NOT NULL)
2020-12-09 02:36:09 FINE: Will apply sql:
ALTER TABLE transaction ADD COLUMN IF NOT EXISTS phased BOOLEAN NOT NULL DEFAULT FALSE
2020-12-09 02:36:09 FINE: Will apply sql:
CREATE TABLE IF NOT EXISTS phasing_poll (db_id IDENTITY, id BIGINT NOT NULL, account_id BIGINT NOT NULL, whitelist_size TINYINT NOT NULL DEFAULT 0, finish_height INT NOT NULL, voting_model TINYINT NOT NULL, quorum BIGINT, min_balance BIGINT, holding_id BIGINT, min_balance_model TINYINT, hashed_secret VARBINARY, algorithm TINYINT, height INT NOT NULL)
2020-12-09 02:36:09 FINE: Will apply sql:
CREATE TABLE IF NOT EXISTS phasing_vote (db_id IDENTITY, vote_id BIGINT NOT NULL, transaction_id BIGINT NOT NULL, voter_id BIGINT NOT NULL, height INT NOT NULL)
2020-12-09 02:36:09 FINE: Will apply sql:
CREATE TABLE IF NOT EXISTS phasing_poll_voter (db_id IDENTITY, transaction_id BIGINT NOT NULL, voter_id BIGINT NOT NULL, height INT NOT NULL)
2020-12-09 02:36:09 FINE: Will apply sql:
CREATE INDEX IF NOT EXISTS vote_height_idx ON vote(height)
2020-12-09 02:36:09 FINE: Will apply sql:
CREATE UNIQUE INDEX IF NOT EXISTS poll_id_idx ON poll(id)
2020-12-09 02:36:09 FINE: Will apply sql:
CREATE INDEX IF NOT EXISTS poll_height_idx ON poll(height)
2020-12-09 02:36:09 FINE: Will apply sql:
CREATE INDEX IF NOT EXISTS poll_account_idx ON poll(account_id)
2020-12-09 02:36:09 FINE: Will apply sql:
CREATE INDEX IF NOT EXISTS poll_finish_height_idx ON poll(finish_height DESC)
2020-12-09 02:36:09 FINE: Will apply sql:
CREATE INDEX IF NOT EXISTS poll_result_poll_id_idx ON poll_result(poll_id)
2020-12-09 02:36:09 FINE: Will apply sql:
CREATE INDEX IF NOT EXISTS poll_result_height_idx ON poll_result(height)
2020-12-09 02:36:09 FINE: Will apply sql:
CREATE UNIQUE INDEX IF NOT EXISTS phasing_poll_id_idx ON phasing_poll(id)
2020-12-09 02:36:09 FINE: Will apply sql:
CREATE INDEX IF NOT EXISTS phasing_poll_height_idx ON phasing_poll(height)
2020-12-09 02:36:09 FINE: Will apply sql:
CREATE INDEX IF NOT EXISTS phasing_poll_account_id_idx ON phasing_poll(account_id, height DESC)
2020-12-09 02:36:09 FINE: Will apply sql:
CREATE INDEX IF NOT EXISTS phasing_poll_holding_id_idx ON phasing_poll(holding_id, height DESC)
2020-12-09 02:36:09 FINE: Will apply sql:
CREATE UNIQUE INDEX IF NOT EXISTS phasing_vote_transaction_voter_idx ON phasing_vote(transaction_id, voter_id)
2020-12-09 02:36:09 FINE: Will apply sql:
CREATE UNIQUE INDEX IF NOT EXISTS phasing_poll_voter_transaction_voter_idx ON phasing_poll_voter(transaction_id, voter_id)
2020-12-09 02:36:09 FINE: Will apply sql:
CREATE TABLE IF NOT EXISTS phasing_poll_result (db_id IDENTITY, id BIGINT NOT NULL, result BIGINT NOT NULL, approved BOOLEAN NOT NULL, height INT NOT NULL)
2020-12-09 02:36:09 FINE: Will apply sql:
CREATE UNIQUE INDEX IF NOT EXISTS phasing_poll_result_id_idx ON phasing_poll_result(id)
2020-12-09 02:36:09 FINE: Will apply sql:
CREATE INDEX IF NOT EXISTS phasing_poll_result_height_idx ON phasing_poll_result(height)
2020-12-09 02:36:09 FINE: Will apply sql:
CREATE INDEX IF NOT EXISTS currency_founder_account_id_idx ON currency_founder (account_id, height DESC)
2020-12-09 02:36:09 FINE: Will apply sql:
TRUNCATE TABLE trade
2020-12-09 02:36:09 FINE: Will apply sql:
ALTER TABLE trade ADD COLUMN IF NOT EXISTS is_buy BOOLEAN NOT NULL
2020-12-09 02:36:09 FINE: Will apply sql:
CREATE INDEX IF NOT EXISTS phasing_poll_voter_height_idx ON phasing_poll_voter(height)
2020-12-09 02:36:09 FINE: Will apply sql:
TRUNCATE TABLE ask_order
2020-12-09 02:36:09 FINE: Will apply sql:
ALTER TABLE ask_order ADD COLUMN IF NOT EXISTS transaction_height INT NOT NULL
2020-12-09 02:36:09 FINE: Will apply sql:
TRUNCATE TABLE bid_order
2020-12-09 02:36:09 FINE: Will apply sql:
ALTER TABLE bid_order ADD COLUMN IF NOT EXISTS transaction_height INT NOT NULL
2020-12-09 02:36:09 FINE: Will apply sql:
TRUNCATE TABLE buy_offer
2020-12-09 02:36:09 FINE: Will apply sql:
ALTER TABLE buy_offer ADD COLUMN IF NOT EXISTS transaction_height INT NOT NULL
2020-12-09 02:36:09 FINE: Will apply sql:
TRUNCATE TABLE sell_offer
2020-12-09 02:36:09 FINE: Will apply sql:
ALTER TABLE sell_offer ADD COLUMN IF NOT EXISTS transaction_height INT NOT NULL
2020-12-09 02:36:09 FINE: Will apply sql:
CREATE INDEX IF NOT EXISTS phasing_vote_height_idx ON phasing_vote(height)
2020-12-09 02:36:09 FINE: Will apply sql:
DROP INDEX IF EXISTS transaction_full_hash_idx
2020-12-09 02:36:09 FINE: Will apply sql:
DROP INDEX IF EXISTS trade_ask_bid_idx
2020-12-09 02:36:09 FINE: Will apply sql:
CREATE INDEX IF NOT EXISTS trade_ask_idx ON trade (ask_order_id, height DESC)
2020-12-09 02:36:09 FINE: Will apply sql:
CREATE INDEX IF NOT EXISTS trade_bid_idx ON trade (bid_order_id, height DESC)
2020-12-09 02:36:09 FINE: Will apply sql:
CREATE TABLE IF NOT EXISTS account_info (db_id IDENTITY, account_id BIGINT NOT NULL, name VARCHAR, description VARCHAR, height INT NOT NULL, latest BOOLEAN NOT NULL DEFAULT TRUE)
2020-12-09 02:36:09 FINE: Will apply sql:
CREATE UNIQUE INDEX IF NOT EXISTS account_info_id_height_idx ON account_info (account_id, height DESC)
2020-12-09 02:36:09 FINE: Will apply sql:
ALTER TABLE account DROP COLUMN IF EXISTS name
2020-12-09 02:36:09 FINE: Will apply sql:
ALTER TABLE account DROP COLUMN IF EXISTS description
2020-12-09 02:36:09 FINE: Will apply sql:
ALTER TABLE account DROP COLUMN IF EXISTS message_pattern_regex
2020-12-09 02:36:09 FINE: Will apply sql:
ALTER TABLE account DROP COLUMN IF EXISTS message_pattern_flags
2020-12-09 02:36:09 FINE: Will apply sql:
TRUNCATE TABLE poll
2020-12-09 02:36:09 FINE: Will apply sql:
ALTER TABLE poll ADD COLUMN IF NOT EXISTS timestamp INT NOT NULL
2020-12-09 02:36:09 FINE: Will apply sql:
CREATE TABLE IF NOT EXISTS prunable_message (db_id IDENTITY, id BIGINT NOT NULL, sender_id BIGINT NOT NULL, recipient_id BIGINT, message VARBINARY NOT NULL, is_text BOOLEAN NOT NULL, is_compressed BOOLEAN NOT NULL, encrypted_message VARBINARY, encrypted_is_text BOOLEAN DEFAULT FALSE, is_encrypted BOOLEAN NOT NULL, timestamp INT NOT NULL, expiration INT NOT NULL, height INT NOT NULL, FOREIGN KEY (height) REFERENCES block (height) ON DELETE CASCADE)
2020-12-09 02:36:09 FINE: Will apply sql:
CREATE UNIQUE INDEX IF NOT EXISTS prunable_message_id_idx ON prunable_message (id)
2020-12-09 02:36:09 FINE: Will apply sql:
CREATE INDEX IF NOT EXISTS prunable_message_expiration_idx ON prunable_message (expiration DESC)
2020-12-09 02:36:09 FINE: Will apply sql:
ALTER TABLE transaction ADD COLUMN IF NOT EXISTS has_prunable_message BOOLEAN NOT NULL DEFAULT FALSE
2020-12-09 02:36:09 FINE: Will apply sql:
TRUNCATE TABLE unconfirmed_transaction
2020-12-09 02:36:09 FINE: Will apply sql:
ALTER TABLE unconfirmed_transaction ADD COLUMN IF NOT EXISTS prunable_json VARCHAR
2020-12-09 02:36:09 FINE: Will apply sql:
CREATE INDEX IF NOT EXISTS prunable_message_sender_idx ON prunable_message (sender_id)
2020-12-09 02:36:09 FINE: Will apply sql:
CREATE INDEX IF NOT EXISTS prunable_message_recipient_idx ON prunable_message (recipient_id)
2020-12-09 02:36:09 FINE: Will apply sql:
ALTER TABLE transaction ADD COLUMN IF NOT EXISTS has_prunable_encrypted_message BOOLEAN NOT NULL DEFAULT FALSE
2020-12-09 02:36:09 FINE: Will apply sql:
ALTER TABLE prunable_message ALTER COLUMN expiration RENAME TO transaction_timestamp
2020-12-09 02:36:09 FINE: Will apply sql:
UPDATE prunable_message SET transaction_timestamp = SELECT timestamp FROM transaction WHERE prunable_message.id = transaction.id
2020-12-09 02:36:09 FINE: Will apply sql:
ALTER INDEX prunable_message_expiration_idx RENAME TO prunable_message_transaction_timestamp_idx
2020-12-09 02:36:09 FINE: Will apply sql:
ALTER TABLE prunable_message ALTER COLUMN timestamp RENAME TO block_timestamp
2020-12-09 02:36:09 FINE: Will apply sql:
DROP INDEX IF EXISTS prunable_message_timestamp_idx
2020-12-09 02:36:09 FINE: Will apply sql:
CREATE INDEX IF NOT EXISTS prunable_message_block_timestamp_dbid_idx ON prunable_message (block_timestamp DESC, db_id DESC)
2020-12-09 02:36:09 FINE: Will apply sql:
DROP INDEX IF EXISTS prunable_message_height_idx
2020-12-09 02:36:09 FINE: Will apply sql:
DROP INDEX IF EXISTS public_key_height_idx
2020-12-09 02:36:09 FINE: Will apply sql:
CREATE TABLE IF NOT EXISTS tagged_data (db_id IDENTITY, id BIGINT NOT NULL, account_id BIGINT NOT NULL, name VARCHAR NOT NULL, description VARCHAR, tags VARCHAR, parsed_tags ARRAY, type VARCHAR, data VARBINARY NOT NULL, is_text BOOLEAN NOT NULL, filename VARCHAR, channel VARCHAR, block_timestamp INT NOT NULL, transaction_timestamp INT NOT NULL, height INT NOT NULL, FOREIGN KEY (height) REFERENCES block (height) ON DELETE CASCADE, latest BOOLEAN NOT NULL DEFAULT TRUE)
2020-12-09 02:36:09 FINE: Will apply sql:
CREATE UNIQUE INDEX IF NOT EXISTS tagged_data_id_height_idx ON tagged_data (id, height DESC)
2020-12-09 02:36:09 FINE: Will apply sql:
CREATE INDEX IF NOT EXISTS tagged_data_expiration_idx ON tagged_data (transaction_timestamp DESC)
2020-12-09 02:36:09 FINE: Will apply sql:
CREATE INDEX IF NOT EXISTS tagged_data_account_id_height_idx ON tagged_data (account_id, height DESC)
2020-12-09 02:36:09 FINE: Will apply sql:
CREATE INDEX IF NOT EXISTS tagged_data_block_timestamp_height_db_id_idx ON tagged_data (block_timestamp DESC, height DESC, db_id DESC)
2020-12-09 02:36:09 FINE: Will apply sql:
CREATE TABLE IF NOT EXISTS data_tag (db_id IDENTITY, tag VARCHAR NOT NULL, tag_count INT NOT NULL, height INT NOT NULL, FOREIGN KEY (height) REFERENCES block (height) ON DELETE CASCADE, latest BOOLEAN NOT NULL DEFAULT TRUE)
2020-12-09 02:36:09 FINE: Will apply sql:
CREATE UNIQUE INDEX IF NOT EXISTS data_tag_tag_height_idx ON data_tag (tag, height DESC)
2020-12-09 02:36:09 FINE: Will apply sql:
CREATE INDEX IF NOT EXISTS data_tag_count_height_idx ON data_tag (tag_count DESC, height DESC)
2020-12-09 02:36:09 FINE: Will apply sql:
CREATE TABLE IF NOT EXISTS tagged_data_timestamp (db_id IDENTITY, id BIGINT NOT NULL, timestamp INT NOT NULL, height INT NOT NULL, latest BOOLEAN NOT NULL DEFAULT TRUE)
2020-12-09 02:36:09 FINE: Will apply sql:
CREATE UNIQUE INDEX IF NOT EXISTS tagged_data_timestamp_id_height_idx ON tagged_data_timestamp (id, height DESC)
2020-12-09 02:36:09 FINE: Will apply sql:
ALTER TABLE tagged_data ADD COLUMN IF NOT EXISTS channel VARCHAR
2020-12-09 02:36:09 FINE: Will apply sql:
CREATE INDEX IF NOT EXISTS tagged_data_channel_idx ON tagged_data (channel, height DESC)
2020-12-09 02:36:09 FINE: Will apply sql:
ALTER TABLE peer ADD COLUMN IF NOT EXISTS last_updated INT
2020-12-09 02:36:09 FINE: Will apply sql:
DROP INDEX IF EXISTS account_current_lessee_id_leasing_height_idx
2020-12-09 02:36:09 FINE: Will apply sql:
TRUNCATE TABLE account
2020-12-09 02:36:09 FINE: Will apply sql:
ALTER TABLE account ADD COLUMN IF NOT EXISTS active_lessee_id BIGINT
2020-12-09 02:36:09 FINE: Will apply sql:
ALTER TABLE account DROP COLUMN IF EXISTS current_leasing_height_from
2020-12-09 02:36:09 FINE: Will apply sql:
ALTER TABLE account DROP COLUMN IF EXISTS current_leasing_height_to
2020-12-09 02:36:09 FINE: Will apply sql:
ALTER TABLE account DROP COLUMN IF EXISTS current_lessee_id
2020-12-09 02:36:09 FINE: Will apply sql:
ALTER TABLE account DROP COLUMN IF EXISTS next_leasing_height_from
2020-12-09 02:36:09 FINE: Will apply sql:
ALTER TABLE account DROP COLUMN IF EXISTS next_leasing_height_to
2020-12-09 02:36:09 FINE: Will apply sql:
ALTER TABLE account DROP COLUMN IF EXISTS next_lessee_id
2020-12-09 02:36:09 FINE: Will apply sql:
CREATE INDEX IF NOT EXISTS account_active_lessee_id_idx ON account (active_lessee_id)
2020-12-09 02:36:09 FINE: Will apply sql:
CREATE TABLE IF NOT EXISTS account_lease (db_id IDENTITY, lessor_id BIGINT NOT NULL, current_leasing_height_from INT, current_leasing_height_to INT, current_lessee_id BIGINT, next_leasing_height_from INT, next_leasing_height_to INT, next_lessee_id BIGINT, height INT NOT NULL, latest BOOLEAN NOT NULL DEFAULT TRUE)
2020-12-09 02:36:09 FINE: Will apply sql:
CREATE UNIQUE INDEX IF NOT EXISTS account_lease_lessor_id_height_idx ON account_lease (lessor_id, height DESC)
2020-12-09 02:36:09 FINE: Will apply sql:
CREATE INDEX IF NOT EXISTS account_lease_current_leasing_height_from_idx ON account_lease (current_leasing_height_from)
2020-12-09 02:36:09 FINE: Will apply sql:
CREATE INDEX IF NOT EXISTS account_lease_current_leasing_height_to_idx ON account_lease (current_leasing_height_to)
2020-12-09 02:36:09 FINE: Will apply sql:
CREATE INDEX IF NOT EXISTS account_lease_height_id_idx ON account_lease (height, lessor_id)
2020-12-09 02:36:09 FINE: Will apply sql:
CREATE INDEX IF NOT EXISTS account_asset_asset_id_idx ON account_asset (asset_id)
2020-12-09 02:36:09 FINE: Will apply sql:
CREATE INDEX IF NOT EXISTS account_currency_currency_id_idx ON account_currency (currency_id)
2020-12-09 02:36:09 FINE: Will apply sql:
CREATE INDEX IF NOT EXISTS currency_issuance_height_idx ON currency (issuance_height)
2020-12-09 02:36:09 FINE: Will apply sql:
CREATE INDEX IF NOT EXISTS unconfirmed_transaction_expiration_idx ON unconfirmed_transaction (expiration DESC)
2020-12-09 02:36:09 FINE: Will apply sql:
DROP INDEX IF EXISTS account_height_idx
2020-12-09 02:36:09 FINE: Will apply sql:
CREATE INDEX IF NOT EXISTS account_height_id_idx ON account (height, id)
2020-12-09 02:36:09 FINE: Will apply sql:
DROP INDEX IF EXISTS account_asset_height_idx
2020-12-09 02:36:09 FINE: Will apply sql:
CREATE INDEX IF NOT EXISTS account_asset_height_id_idx ON account_asset (height, account_id, asset_id)
2020-12-09 02:36:09 FINE: Will apply sql:
DROP INDEX IF EXISTS account_currency_height_idx
2020-12-09 02:36:09 FINE: Will apply sql:
CREATE INDEX IF NOT EXISTS account_currency_height_id_idx ON account_currency (height, account_id, currency_id)
2020-12-09 02:36:09 FINE: Will apply sql:
DROP INDEX IF EXISTS alias_height_idx
2020-12-09 02:36:09 FINE: Will apply sql:
CREATE INDEX IF NOT EXISTS alias_height_id_idx ON alias (height, id)
2020-12-09 02:36:09 FINE: Will apply sql:
DROP INDEX IF EXISTS alias_offer_height_idx
2020-12-09 02:36:09 FINE: Will apply sql:
CREATE INDEX IF NOT EXISTS alias_offer_height_id_idx ON alias_offer (height, id)
2020-12-09 02:36:09 FINE: Will apply sql:
DROP INDEX IF EXISTS ask_order_height_idx
2020-12-09 02:36:09 FINE: Will apply sql:
CREATE INDEX IF NOT EXISTS ask_order_height_id_idx ON ask_order (height, id)
2020-12-09 02:36:09 FINE: Will apply sql:
DROP INDEX IF EXISTS bid_order_height_idx
2020-12-09 02:36:09 FINE: Will apply sql:
CREATE INDEX IF NOT EXISTS bid_order_height_id_idx ON bid_order (height, id)
2020-12-09 02:36:09 FINE: Will apply sql:
DROP INDEX IF EXISTS buy_offer_height_idx
2020-12-09 02:36:09 FINE: Will apply sql:
CREATE INDEX IF NOT EXISTS buy_offer_height_id_idx ON buy_offer (height, id)
2020-12-09 02:36:09 FINE: Will apply sql:
DROP INDEX IF EXISTS currency_height_idx
2020-12-09 02:36:09 FINE: Will apply sql:
CREATE INDEX IF NOT EXISTS currency_height_id_idx ON currency (height, id)
2020-12-09 02:36:09 FINE: Will apply sql:
DROP INDEX IF EXISTS currency_founder_height_idx
2020-12-09 02:36:09 FINE: Will apply sql:
CREATE INDEX IF NOT EXISTS currency_founder_height_id_idx ON currency_founder (height, currency_id, account_id)
2020-12-09 02:36:09 FINE: Will apply sql:
DROP INDEX IF EXISTS currency_mint_height_idx
2020-12-09 02:36:09 FINE: Will apply sql:
CREATE INDEX IF NOT EXISTS currency_mint_height_id_idx ON currency_mint (height, currency_id, account_id)
2020-12-09 02:36:09 FINE: Will apply sql:
DROP INDEX IF EXISTS currency_supply_height_idx
2020-12-09 02:36:09 FINE: Will apply sql:
CREATE INDEX IF NOT EXISTS currency_supply_height_id_idx ON currency_supply (height, id)
2020-12-09 02:36:09 FINE: Will apply sql:
DROP INDEX IF EXISTS goods_height_idx
2020-12-09 02:36:09 FINE: Will apply sql:
CREATE INDEX IF NOT EXISTS goods_height_id_idx ON goods (height, id)
2020-12-09 02:36:09 FINE: Will apply sql:
DROP INDEX IF EXISTS purchase_height_idx
2020-12-09 02:36:09 FINE: Will apply sql:
CREATE INDEX IF NOT EXISTS purchase_height_id_idx ON purchase (height, id)
2020-12-09 02:36:09 FINE: Will apply sql:
DROP INDEX IF EXISTS purchase_feedback_height_idx
2020-12-09 02:36:09 FINE: Will apply sql:
CREATE INDEX IF NOT EXISTS purchase_feedback_height_id_idx ON purchase_feedback (height, id)
2020-12-09 02:36:09 FINE: Will apply sql:
DROP INDEX IF EXISTS purchase_public_feedback_height_idx
2020-12-09 02:36:09 FINE: Will apply sql:
CREATE INDEX IF NOT EXISTS purchase_public_feedback_height_id_idx ON purchase_public_feedback (height, id)
2020-12-09 02:36:09 FINE: Will apply sql:
DROP INDEX IF EXISTS sell_offer_height_idx
2020-12-09 02:36:09 FINE: Will apply sql:
CREATE INDEX IF NOT EXISTS sell_offer_height_id_idx ON sell_offer (height, id)
2020-12-09 02:36:09 FINE: Will apply sql:
DROP INDEX IF EXISTS tag_height_idx
2020-12-09 02:36:09 FINE: Will apply sql:
CREATE INDEX IF NOT EXISTS tag_height_tag_idx ON tag (height, tag)
2020-12-09 02:36:09 FINE: Will apply sql:
DROP INDEX IF EXISTS account_info_height_idx
2020-12-09 02:36:09 FINE: Will apply sql:
CREATE INDEX IF NOT EXISTS account_info_height_id_idx ON account_info (height, account_id)
2020-12-09 02:36:09 FINE: Will apply sql:
DROP INDEX IF EXISTS tagged_data_timestamp_height_idx
2020-12-09 02:36:09 FINE: Will apply sql:
CREATE INDEX IF NOT EXISTS tagged_data_timestamp_height_id_idx ON tagged_data_timestamp (height, id)
2020-12-09 02:36:09 FINE: Will apply sql:
CREATE INDEX IF NOT EXISTS trade_height_db_id_idx ON trade (height DESC, db_id DESC)
2020-12-09 02:36:09 FINE: Will apply sql:
CREATE INDEX IF NOT EXISTS exchange_height_db_id_idx ON exchange (height DESC, db_id DESC)
2020-12-09 02:36:09 FINE: Will apply sql:
CREATE TABLE IF NOT EXISTS exchange_request (db_id IDENTITY, id BIGINT NOT NULL, account_id BIGINT NOT NULL, currency_id BIGINT NOT NULL, units BIGINT NOT NULL, rate BIGINT NOT NULL, is_buy BOOLEAN NOT NULL, timestamp INT NOT NULL, height INT NOT NULL)
2020-12-09 02:36:09 FINE: Will apply sql:
CREATE UNIQUE INDEX IF NOT EXISTS exchange_request_id_idx ON exchange_request (id)
2020-12-09 02:36:09 FINE: Will apply sql:
CREATE INDEX IF NOT EXISTS exchange_request_account_currency_idx ON exchange_request (account_id, currency_id, height DESC)
2020-12-09 02:36:09 FINE: Will apply sql:
CREATE INDEX IF NOT EXISTS exchange_request_currency_idx ON exchange_request (currency_id, height DESC)
2020-12-09 02:36:09 FINE: Will apply sql:
CREATE INDEX IF NOT EXISTS exchange_request_height_db_id_idx ON exchange_request (height DESC, db_id DESC)
2020-12-09 02:36:09 FINE: Will apply sql:
CREATE INDEX IF NOT EXISTS exchange_request_height_idx ON exchange_request (height)
2020-12-09 02:36:09 FINE: Will apply sql:
CREATE TABLE IF NOT EXISTS account_ledger (db_id IDENTITY, account_id BIGINT NOT NULL, event_type TINYINT NOT NULL, event_id BIGINT NOT NULL, holding_type TINYINT NOT NULL, holding_id BIGINT, change BIGINT NOT NULL, balance BIGINT NOT NULL, block_id BIGINT NOT NULL, height INT NOT NULL, timestamp INT NOT NULL)
2020-12-09 02:36:09 FINE: Will apply sql:
CREATE INDEX IF NOT EXISTS account_ledger_id_idx ON account_ledger(account_id, db_id)
2020-12-09 02:36:09 FINE: Will apply sql:
CREATE INDEX IF NOT EXISTS account_ledger_height_idx ON account_ledger(height)
2020-12-09 02:36:09 FINE: Will apply sql:
ALTER TABLE peer ADD COLUMN IF NOT EXISTS services BIGINT
2020-12-09 02:36:09 FINE: Will apply sql:
TRUNCATE TABLE asset
2020-12-09 02:36:09 FINE: Will apply sql:
ALTER TABLE asset ADD COLUMN IF NOT EXISTS latest BOOLEAN NOT NULL DEFAULT TRUE
2020-12-09 02:36:09 FINE: Will apply sql:
DROP INDEX IF EXISTS asset_id_idx
2020-12-09 02:36:09 FINE: Will apply sql:
ALTER TABLE asset ADD COLUMN IF NOT EXISTS initial_quantity BIGINT NOT NULL
2020-12-09 02:36:09 FINE: Will apply sql:
CREATE TABLE IF NOT EXISTS tagged_data_extend (db_id IDENTITY, id BIGINT NOT NULL, extend_id BIGINT NOT NULL, height INT NOT NULL, latest BOOLEAN NOT NULL DEFAULT TRUE)
2020-12-09 02:36:09 FINE: Will apply sql:
CREATE INDEX IF NOT EXISTS tagged_data_extend_id_height_idx ON tagged_data_extend(id, height DESC)
2020-12-09 02:36:09 FINE: Will apply sql:
CREATE INDEX IF NOT EXISTS tagged_data_extend_height_id_idx ON tagged_data_extend(height, id)
2020-12-09 02:36:09 FINE: Will apply sql:
ALTER TABLE transaction ADD COLUMN IF NOT EXISTS has_prunable_attachment BOOLEAN NOT NULL DEFAULT FALSE
2020-12-09 02:36:09 FINE: Will apply sql:
UPDATE transaction SET has_prunable_attachment = TRUE WHERE type = 6
2020-12-09 02:36:09 FINE: Will apply sql:
TRUNCATE TABLE account
2020-12-09 02:36:09 FINE: Will apply sql:
ALTER TABLE account DROP COLUMN IF EXISTS creation_height
2020-12-09 02:36:09 FINE: Will apply sql:
ALTER TABLE account DROP COLUMN IF EXISTS key_height
2020-12-09 02:36:09 FINE: Will apply sql:
DROP INDEX IF EXISTS public_key_account_id_idx
2020-12-09 02:36:09 FINE: Will apply sql:
ALTER TABLE public_key ADD COLUMN IF NOT EXISTS latest BOOLEAN NOT NULL DEFAULT TRUE
2020-12-09 02:36:09 FINE: Will apply sql:
CREATE UNIQUE INDEX IF NOT EXISTS public_key_account_id_height_idx ON public_key (account_id, height DESC)
2020-12-09 02:36:09 INFO: Lucene search index deleted
2020-12-09 02:36:09 INFO: H2 fulltext function aliases dropped
2020-12-09 02:36:09 INFO: NRS fulltext schema created
2020-12-09 02:36:09 INFO: Rebuilding the Lucene search index
2020-12-09 02:36:09 INFO: Lucene search index deleted
2020-12-09 02:36:09 INFO: Lucene search index successfully rebuilt
2020-12-09 02:36:09 INFO: NRS fulltext aliases created
2020-12-09 02:36:09 FINE: Will apply sql:
DROP INDEX IF EXISTS asset_height_idx
2020-12-09 02:36:09 FINE: Will apply sql:
DROP INDEX IF EXISTS asset_height_db_id_idx
2020-12-09 02:36:09 FINE: Will apply sql:
DROP INDEX IF EXISTS asset_id_height_idx
2020-12-09 02:36:09 FINE: Will apply sql:
CREATE UNIQUE INDEX IF NOT EXISTS asset_id_height_idx ON asset (id, height DESC)
2020-12-09 02:36:09 FINE: Will apply sql:
CREATE INDEX IF NOT EXISTS asset_height_id_idx ON asset (height, id)
2020-12-09 02:36:09 FINE: Will apply sql:
TRUNCATE TABLE account_ledger
2020-12-09 02:36:09 FINE: Will apply sql:
CREATE TABLE IF NOT EXISTS shuffling (db_id IDENTITY, id BIGINT NOT NULL, holding_id BIGINT NULL, holding_type TINYINT NOT NULL, issuer_id BIGINT NOT NULL, amount BIGINT NOT NULL, participant_count TINYINT NOT NULL, blocks_remaining SMALLINT NULL, stage TINYINT NOT NULL, assignee_account_id BIGINT NULL, registrant_count TINYINT NOT NULL, recipient_public_keys ARRAY, height INT NOT NULL, latest BOOLEAN NOT NULL DEFAULT TRUE)
2020-12-09 02:36:09 FINE: Will apply sql:
CREATE UNIQUE INDEX IF NOT EXISTS shuffling_id_height_idx ON shuffling (id, height DESC)
2020-12-09 02:36:09 FINE: Will apply sql:
CREATE INDEX IF NOT EXISTS shuffling_holding_id_height_idx ON shuffling (holding_id, height DESC)
2020-12-09 02:36:09 FINE: Will apply sql:
CREATE INDEX IF NOT EXISTS shuffling_assignee_account_id_height_idx ON shuffling (assignee_account_id, height DESC)
2020-12-09 02:36:09 FINE: Will apply sql:
CREATE INDEX IF NOT EXISTS shuffling_height_id_idx ON shuffling (height, id)
2020-12-09 02:36:09 FINE: Will apply sql:
CREATE TABLE IF NOT EXISTS shuffling_participant (db_id IDENTITY, shuffling_id BIGINT NOT NULL, account_id BIGINT NOT NULL, next_account_id BIGINT NULL, participant_index TINYINT NOT NULL, state TINYINT NOT NULL, blame_data ARRAY, key_seeds ARRAY, data_transaction_full_hash BINARY(32), height INT NOT NULL, latest BOOLEAN NOT NULL DEFAULT TRUE)
2020-12-09 02:36:09 FINE: Will apply sql:
CREATE UNIQUE INDEX IF NOT EXISTS shuffling_participant_shuffling_id_account_id_idx ON shuffling_participant (shuffling_id, account_id, height DESC)
2020-12-09 02:36:09 FINE: Will apply sql:
CREATE INDEX IF NOT EXISTS shuffling_participant_height_idx ON shuffling_participant (height, shuffling_id, account_id)
2020-12-09 02:36:09 FINE: Will apply sql:
CREATE TABLE IF NOT EXISTS shuffling_data (db_id IDENTITY, shuffling_id BIGINT NOT NULL, account_id BIGINT NOT NULL, data ARRAY, transaction_timestamp INT NOT NULL, height INT NOT NULL, FOREIGN KEY (height) REFERENCES block (height) ON DELETE CASCADE)
2020-12-09 02:36:09 FINE: Will apply sql:
CREATE UNIQUE INDEX IF NOT EXISTS shuffling_data_id_height_idx ON shuffling_data (shuffling_id, height DESC)
2020-12-09 02:36:09 FINE: Will apply sql:
CREATE INDEX shuffling_data_transaction_timestamp_idx ON shuffling_data (transaction_timestamp DESC)
2020-12-09 02:36:09 FINE: Will apply sql:
CREATE TABLE IF NOT EXISTS phasing_poll_linked_transaction (db_id IDENTITY, transaction_id BIGINT NOT NULL, linked_full_hash BINARY(32) NOT NULL, linked_transaction_id BIGINT NOT NULL, height INT NOT NULL)
2020-12-09 02:36:09 FINE: Will apply sql:
CREATE INDEX IF NOT EXISTS phasing_poll_linked_transaction_height_idx ON phasing_poll_linked_transaction (height)
2020-12-09 02:36:09 FINE: Will apply sql:
ALTER TABLE phasing_poll DROP COLUMN IF EXISTS linked_full_hashes
2020-12-09 02:36:09 FINE: Will apply sql:
CREATE TABLE IF NOT EXISTS account_control_phasing (db_id IDENTITY, account_id BIGINT NOT NULL, whitelist ARRAY, voting_model TINYINT NOT NULL, quorum BIGINT, min_balance BIGINT, holding_id BIGINT, min_balance_model TINYINT, max_fees BIGINT, min_duration SMALLINT, max_duration SMALLINT, height INT NOT NULL, latest BOOLEAN NOT NULL DEFAULT TRUE)
2020-12-09 02:36:09 FINE: Will apply sql:
ALTER TABLE account ADD COLUMN IF NOT EXISTS has_control_phasing BOOLEAN NOT NULL DEFAULT FALSE
2020-12-09 02:36:09 FINE: Will apply sql:
CREATE UNIQUE INDEX IF NOT EXISTS account_control_phasing_id_height_idx ON account_control_phasing (account_id, height DESC)
2020-12-09 02:36:09 FINE: Will apply sql:
CREATE INDEX IF NOT EXISTS account_control_phasing_height_id_idx ON account_control_phasing (height, account_id)
2020-12-09 02:36:09 FINE: Will apply sql:
CREATE TABLE IF NOT EXISTS account_property (db_id IDENTITY, id BIGINT NOT NULL, account_id BIGINT NOT NULL, setter_id BIGINT, property VARCHAR NOT NULL, value VARCHAR, height INT NOT NULL, latest BOOLEAN NOT NULL DEFAULT TRUE)
2020-12-09 02:36:09 FINE: Will apply sql:
CREATE UNIQUE INDEX IF NOT EXISTS account_property_id_height_idx ON account_property (id, height DESC)
2020-12-09 02:36:09 FINE: Will apply sql:
CREATE INDEX IF NOT EXISTS account_property_height_id_idx ON account_property (height, id)
2020-12-09 02:36:09 FINE: Will apply sql:
CREATE INDEX IF NOT EXISTS account_property_account_height_idx ON account_property (account_id, height DESC)
2020-12-09 02:36:09 FINE: Will apply sql:
CREATE INDEX IF NOT EXISTS account_property_setter_account_idx ON account_property (setter_id, account_id)
2020-12-09 02:36:09 FINE: Will apply sql:
CREATE TABLE IF NOT EXISTS asset_delete (db_id IDENTITY, id BIGINT NOT NULL, asset_id BIGINT NOT NULL, account_id BIGINT NOT NULL, quantity BIGINT NOT NULL, timestamp INT NOT NULL, height INT NOT NULL)
2020-12-09 02:36:09 FINE: Will apply sql:
CREATE UNIQUE INDEX IF NOT EXISTS asset_delete_id_idx ON asset_delete (id)
2020-12-09 02:36:09 FINE: Will apply sql:
CREATE INDEX IF NOT EXISTS asset_delete_asset_id_idx ON asset_delete (asset_id, height DESC)
2020-12-09 02:36:09 FINE: Will apply sql:
CREATE INDEX IF NOT EXISTS asset_delete_account_id_idx ON asset_delete (account_id, height DESC)
2020-12-09 02:36:09 FINE: Will apply sql:
CREATE INDEX IF NOT EXISTS asset_delete_height_idx ON asset_delete (height)
2020-12-09 02:36:09 FINE: Will apply sql:
ALTER TABLE prunable_message ADD COLUMN IF NOT EXISTS encrypted_message VARBINARY
2020-12-09 02:36:09 FINE: Will apply sql:
ALTER TABLE prunable_message ADD COLUMN IF NOT EXISTS encrypted_is_text BOOLEAN DEFAULT FALSE
2020-12-09 02:36:09 FINE: Will apply sql:
UPDATE prunable_message SET encrypted_message = message WHERE is_encrypted IS TRUE
2020-12-09 02:36:09 FINE: Will apply sql:
ALTER TABLE prunable_message ALTER COLUMN message SET NULL
2020-12-09 02:36:09 FINE: Will apply sql:
UPDATE prunable_message SET message = NULL WHERE is_encrypted IS TRUE
2020-12-09 02:36:09 FINE: Will apply sql:
UPDATE prunable_message SET encrypted_is_text = TRUE WHERE is_encrypted IS TRUE AND is_text IS TRUE
2020-12-09 02:36:09 FINE: Will apply sql:
UPDATE prunable_message SET encrypted_is_text = FALSE WHERE is_encrypted IS TRUE AND is_text IS FALSE
2020-12-09 02:36:09 FINE: Will apply sql:
UPDATE prunable_message SET is_text = FALSE where is_encrypted IS TRUE
2020-12-09 02:36:09 FINE: Will apply sql:
ALTER TABLE prunable_message ALTER COLUMN is_text RENAME TO message_is_text
2020-12-09 02:36:09 FINE: Will apply sql:
ALTER TABLE prunable_message DROP COLUMN IF EXISTS is_encrypted
2020-12-09 02:36:09 FINE: Will apply sql:
TRUNCATE TABLE shuffling
2020-12-09 02:36:09 FINE: Will apply sql:
ALTER TABLE shuffling ADD COLUMN IF NOT EXISTS registrant_count TINYINT NOT NULL
2020-12-09 02:36:09 FINE: Will apply sql:
ALTER TABLE account_property ALTER COLUMN account_id RENAME TO recipient_id
2020-12-09 02:36:09 FINE: Will apply sql:
ALTER INDEX account_property_account_height_idx RENAME TO account_property_recipient_height_idx
2020-12-09 02:36:09 FINE: Will apply sql:
ALTER INDEX account_property_setter_account_idx RENAME TO account_property_setter_recipient_idx
2020-12-09 02:36:09 FINE: Will apply sql:
CREATE TABLE IF NOT EXISTS referenced_transaction (db_id IDENTITY, transaction_id BIGINT NOT NULL, FOREIGN KEY (transaction_id) REFERENCES transaction (id) ON DELETE CASCADE, referenced_transaction_id BIGINT NOT NULL)
2020-12-09 02:36:09 FINE: Will apply sql:
CREATE INDEX IF NOT EXISTS referenced_transaction_referenced_transaction_id_idx ON referenced_transaction (referenced_transaction_id)
2020-12-09 02:36:09 FINE: Scheduled scan starting from height 0
2020-12-09 02:36:09 FINE: Will apply sql:
DROP INDEX IF EXISTS phasing_poll_linked_transaction_id_link_idx
2020-12-09 02:36:09 FINE: Will apply sql:
CREATE UNIQUE INDEX IF NOT EXISTS phasing_poll_linked_transaction_id_link_idx ON phasing_poll_linked_transaction (transaction_id, linked_transaction_id)
2020-12-09 02:36:09 FINE: Will apply sql:
DROP INDEX IF EXISTS phasing_poll_linked_transaction_link_id_idx
2020-12-09 02:36:09 FINE: Will apply sql:
CREATE UNIQUE INDEX IF NOT EXISTS phasing_poll_linked_transaction_link_id_idx ON phasing_poll_linked_transaction (linked_transaction_id, transaction_id)
2020-12-09 02:36:09 FINE: Database connection pool current size: 3
2020-12-09 02:36:09 FINE: Will apply sql:
ALTER TABLE goods ADD COLUMN IF NOT EXISTS has_image BOOLEAN NOT NULL DEFAULT FALSE
2020-12-09 02:36:09 FINE: Will apply sql:
ALTER TABLE purchase ADD COLUMN IF NOT EXISTS goods_is_text BOOLEAN NOT NULL DEFAULT TRUE
2020-12-09 02:36:09 FINE: Will apply sql:
CREATE INDEX IF NOT EXISTS shuffling_blocks_remaining_height_idx ON shuffling (blocks_remaining, height DESC)
2020-12-09 02:36:09 FINE: Will apply sql:
CREATE TABLE IF NOT EXISTS account_fxt (id BIGINT NOT NULL, balance VARBINARY NOT NULL, height INT NOT NULL)
2020-12-09 02:36:09 FINE: Will apply sql:
CREATE UNIQUE INDEX IF NOT EXISTS account_fxt_id_idx ON account_fxt (id, height DESC)
2020-12-09 02:36:09 INFO: hebe.logFxtBalance not defined
2020-12-09 02:36:09 FINE: Scheduled scan starting from height 870399
2020-12-09 02:36:09 FINE: Will apply sql:
CREATE TABLE IF NOT EXISTS asset_dividend (db_id IDENTITY, id BIGINT NOT NULL, asset_id BIGINT NOT NULL, amount BIGINT NOT NULL, dividend_height INT NOT NULL, total_dividend BIGINT NOT NULL, num_accounts BIGINT NOT NULL, timestamp INT NOT NULL, height INT NOT NULL)
2020-12-09 02:36:09 FINE: Will apply sql:
CREATE UNIQUE INDEX IF NOT EXISTS asset_dividend_id_idx ON asset_dividend (id)
2020-12-09 02:36:09 FINE: Will apply sql:
CREATE INDEX IF NOT EXISTS asset_dividend_asset_id_idx ON asset_dividend (asset_id, height DESC)
2020-12-09 02:36:09 FINE: Will apply sql:
CREATE INDEX IF NOT EXISTS asset_dividend_height_idx ON asset_dividend (height)
2020-12-09 02:36:09 INFO: hebe.enableTransactionRebroadcasting = "true"
2020-12-09 02:36:09 INFO: hebe.testUnconfirmedTransactions not defined, assuming false
2020-12-09 02:36:09 INFO: hebe.maxUnconfirmedTransactions = "2000"
2020-12-09 02:36:09 INFO: hebe.disableProcessTransactionsThread not defined, assuming false
2020-12-09 02:36:09 INFO: hebe.disableRebroadcastTransactionsThread not defined, assuming false
2020-12-09 02:36:09 INFO: hebe.disableRemoveUnconfirmedTransactionsThread not defined, assuming false
2020-12-09 02:36:09 INFO: hebe.disableProcessWaitingTransactionsThread not defined, assuming false
2020-12-09 02:36:09 INFO: hebe.enablePublicKeyCache = "true"
2020-12-09 02:36:09 INFO: hebe.ledgerTrimKeep = "30000"
2020-12-09 02:36:09 INFO: hebe.ledgerAccounts = "*"
2020-12-09 02:36:09 INFO: Account ledger is tracking all accounts
2020-12-09 02:36:09 INFO: hebe.ledgerLogUnconfirmed = "2"
2020-12-09 02:36:09 INFO: hebe.processPolls = "true"
2020-12-09 02:36:10 INFO: hebe.deleteFinishedShufflings = "false"
2020-12-09 02:36:10 INFO: hebe.hideErrorDetails = "false"
2020-12-09 02:36:10 INFO: hebe.myPlatform not defined
2020-12-09 02:36:10 INFO: hebe.myAddress not defined
2020-12-09 02:36:10 INFO: hebe.peerServerPort = "8081"
2020-12-09 02:36:10 INFO: hebe.shareMyAddress = "true"
2020-12-09 02:36:10 INFO: hebe.enablePeerUPnP = "true"
2020-12-09 02:36:10 INFO: hebe.myHallmark not defined
2020-12-09 02:36:10 INFO: hebe.adminPassword not defined
2020-12-09 02:36:10 INFO: hebe.maxAPIRecords = "100"
2020-12-09 02:36:10 INFO: hebe.enableAPIUPnP = "false"
2020-12-09 02:36:10 INFO: hebe.apiServerIdleTimeout = "30000"
2020-12-09 02:36:10 INFO: hebe.apiServerCORS = "true"
2020-12-09 02:36:10 INFO: hebe.disabledAPIs not defined
2020-12-09 02:36:10 INFO: hebe.disabledAPITags not defined
2020-12-09 02:36:10 INFO: hebe.allowedBotHosts = "*"
2020-12-09 02:36:10 INFO: hebe.enableAPIServer = "true"
2020-12-09 02:36:10 INFO: hebe.apiServerPort = "8082"
2020-12-09 02:36:10 INFO: hebe.apiServerSSLPort = "8082"
2020-12-09 02:36:10 INFO: hebe.apiServerHost = "0.0.0.0"
2020-12-09 02:36:10 INFO: hebe.disableAdminPassword = "true"
2020-12-09 02:36:10 INFO: hebe.apiSSL = "false"
2020-12-09 02:36:10 INFO: API server using HTTP port 8082
2020-12-09 02:36:10 INFO: hebe.apiResourceBase = "./html/www"
2020-12-09 02:36:10 INFO: hebe.apiWelcomeFile = "index.html"
2020-12-09 02:36:10 INFO: hebe.javadocResourceBase = "./html/doc"
2020-12-09 02:36:10 INFO: hebe.maxUploadFileSize not defined or not numeric, using default value 0
2020-12-09 02:36:10 INFO: hebe.maxUploadFileSize not defined or not numeric, using default value 0
2020-12-09 02:36:10 INFO: hebe.enableAPIServerGZIPFilter = "false"
2020-12-09 02:36:10 INFO: hebe.apiFrameOptionsSameOrigin = "true"
2020-12-09 02:36:10 FINE: My peer info:
{"apiPort":8082,"application":"NRS","apiServerIdleTimeout":30000,"services":"20","version":"1.11.5","platform":"Mac OS X x86_64","disabledAPIs":"","shareAddress":true}
2020-12-09 02:36:10 INFO: hebe.defaultPeers = "39.105.177.53;111.231.76.75;35.206.143.115;65.49.226.4;167.179.102.68;80.240.30.137;45.129.2.185;178.157.82.96;80.211.132.213;35.247.187.229;2.56.215.168;194.32.79.156;89.33.195.164;212.60.5.34;2.56.215.165;93.119.104.119;80.211.211.215;149.28.186.70;80.211.249.74;188.240.210.142;94.177.242.45;94.191.16.201;148.70.144.238;94.191.122.191;94.191.2.208;45.32.29.224;94.191.45.64;47.110.43.161;193.112.76.69;121.196.214.250;65.49.226.145;104.224.146.79;144.34.143.253;176.122.153.218;118.126.99.28;198.13.33.12;66.42.44.197;95.179.192.164;195.123.225.124;195.123.214.231;82.118.22.111;217.12.210.203;217.12.210.218;195.123.245.147;82.118.22.173;82.118.22.174;217.12.223.245;195.123.247.155;195.123.208.136;195.123.247.156;82.118.22.216;82.118.21.211;"
2020-12-09 02:36:10 INFO: hebe.wellKnownPeers not defined
2020-12-09 02:36:10 INFO: hebe.knownBlacklistedPeers not defined
2020-12-09 02:36:10 INFO: hebe.maxNumberOfInboundConnections = "2000"
2020-12-09 02:36:10 INFO: hebe.maxNumberOfOutboundConnections = "50"
2020-12-09 02:36:10 INFO: hebe.maxNumberOfConnectedPublicPeers = "20"
2020-12-09 02:36:10 INFO: hebe.maxNumberOfKnownPeers = "2000"
2020-12-09 02:36:10 INFO: hebe.minNumberOfKnownPeers = "1000"
2020-12-09 02:36:10 INFO: hebe.connectTimeout = "10000"
2020-12-09 02:36:10 INFO: hebe.readTimeout = "20000"
2020-12-09 02:36:10 INFO: hebe.enableHallmarkProtection = "true"
2020-12-09 02:36:10 INFO: hebe.pushThreshold = "0"
2020-12-09 02:36:10 INFO: hebe.pullThreshold = "0"
2020-12-09 02:36:10 INFO: hebe.useWebSockets = "true"
2020-12-09 02:36:10 INFO: hebe.webSocketIdleTimeout = "900000"
2020-12-09 02:36:10 INFO: hebe.enablePeerServerGZIPFilter = "true"
2020-12-09 02:36:10 INFO: hebe.blacklistihebeeriod = "600000"
2020-12-09 02:36:10 INFO: hebe.communicationLoggingMask = "0"
2020-12-09 02:36:10 INFO: hebe.sendToPeersLimit = "3"
2020-12-09 02:36:10 INFO: hebe.usePeersDb = "true"
2020-12-09 02:36:10 INFO: hebe.savePeers = "true"
2020-12-09 02:36:10 INFO: hebe.getMorePeers = "true"
2020-12-09 02:36:10 INFO: hebe.cjdnsOnly = "false"
2020-12-09 02:36:10 INFO: hebe.ignorePeerAnnouncedAddress = "false"
2020-12-09 02:36:10 INFO: hebe.disablePeerConnectingThread not defined, assuming false
2020-12-09 02:36:10 INFO: hebe.disablePeerUnBlacklistingThread not defined, assuming false
2020-12-09 02:36:10 INFO: hebe.disableGetMorePeersThread not defined, assuming false
2020-12-09 02:36:10 INFO: hebe.peerServerHost = "0.0.0.0"
2020-12-09 02:36:10 INFO: hebe.peerServerIdleTimeout = "30000"
2020-12-09 02:36:10 INFO: hebe.enablePeerServerDoSFilter = "true"
2020-12-09 02:36:10 INFO: hebe.peerServerDoSFilter.maxRequestsPerSec = "30"
2020-12-09 02:36:10 INFO: hebe.peerServerDoSFilter.delayMs = "1000"
2020-12-09 02:36:10 INFO: hebe.peerServerDoSFilter.maxRequestMs = "300000"
2020-12-09 02:36:10 INFO: hebe.enableAPIProxy = "true"
2020-12-09 02:36:10 INFO: hebe.apiProxyBlacklistihebeeriod = "1800000"
2020-12-09 02:36:10 INFO: hebe.forceAPIProxyServerURL not defined
2020-12-09 02:36:10 INFO: hebe.maxNumberOfForgers = "100"
2020-12-09 02:36:10 INFO: hebe.enableFakeForging not defined, assuming false
2020-12-09 02:36:10 INFO: hebe.disableGenerateBlocksThread not defined, assuming false
2020-12-09 02:36:10 INFO: hebe.addOns not defined
2020-12-09 02:36:10 INFO: hebe.allowedUserHosts = "*"
2020-12-09 02:36:10 INFO: hebe.enableUIServer = "false"
2020-12-09 02:36:10 INFO: User interface server not enabled
2020-12-09 02:36:10 INFO: hebe.debugTraceQuote = """
2020-12-09 02:36:10 INFO: hebe.debugTraceSeparator = "	"
2020-12-09 02:36:10 INFO: hebe.debugLogUnconfirmed = "false"
2020-12-09 02:36:10 INFO: hebe.debugTraceAccounts not defined
2020-12-09 02:36:10 INFO: hebe.debugTraceLog = "hebe-trace.csv"
2020-12-09 02:36:10 FINE: Running 2 tasks...
2020-12-09 02:36:10 INFO: Genesis block not in database, starting from scratch
2020-12-09 02:36:10 FINE: Loading known peers from the database...
2020-12-09 02:36:10 FINE: Scheduled scan starting from height 0
2020-12-09 02:36:10 INFO: Scanning blockchain starting from height 0...
2020-12-09 02:36:10 FINE: Dropping all full text search indexes
2020-12-09 02:36:10 INFO: Lucene search index deleted
2020-12-09 02:36:10 FINE: Rolled back derived tables
2020-12-09 02:36:10 INFO: processed block 0
2020-12-09 02:36:10 FINE: Creating search index on account_info (name,description)
2020-12-09 02:36:10 INFO: Lucene search index created for table PUBLIC.ACCOUNT_INFO
2020-12-09 02:36:10 FINE: Creating search index on asset (name,description)
2020-12-09 02:36:10 INFO: Lucene search index created for table PUBLIC.ASSET
2020-12-09 02:36:10 FINE: Creating search index on goods (name,description,tags)
2020-12-09 02:36:10 INFO: Lucene search index created for table PUBLIC.GOODS
2020-12-09 02:36:10 FINE: Creating search index on poll (name,description)
2020-12-09 02:36:10 INFO: Lucene search index created for table PUBLIC.POLL
2020-12-09 02:36:10 FINE: Creating search index on currency (code,name,description)
2020-12-09 02:36:10 INFO: Lucene search index created for table PUBLIC.CURRENCY
2020-12-09 02:36:10 FINE: Creating search index on tagged_data (name,description,tags)
2020-12-09 02:36:10 INFO: Lucene search index created for table PUBLIC.TAGGED_DATA
2020-12-09 02:36:10 INFO: ...done at height 0
2020-12-09 02:36:10 FINE: Running 2 final tasks...
2020-12-09 02:36:10 INFO: Looking for UPnP gateway device...
2020-12-09 02:36:10 INFO: hebe.apiServerEnforcePOST = "true"
2020-12-09 02:36:10 INFO: hebe.upnpGatewayTimeout not defined or not numeric, using default value 7000
2020-12-09 02:36:10 INFO: hebe.upnpDiscoverTimeout not defined or not numeric, using default value 3000
2020-12-09 02:36:10 INFO: Started API server at 0.0.0.0:8082
2020-12-09 02:36:10 FINE: UPnP gateway device found on 192.168.199.200
2020-12-09 02:36:10 FINE: Using UPnP gateway device on 192.168.199.200
2020-12-09 02:36:10 INFO: External IP address is 192.168.0.101
2020-12-09 02:36:10 FINE: Mapped port [192.168.0.101]:8081
2020-12-09 02:36:10 INFO: Started peer networking server at 0.0.0.0:8081
2020-12-09 02:36:10 FINE: Starting 9 background jobs
2020-12-09 02:36:10 FINE: Starting 2 delayed tasks
2020-12-09 02:36:10 FINE: Known peers: 52
2020-12-09 02:36:10 INFO: Initialization took 2 seconds
2020-12-09 02:36:10 INFO: HEBE server 1.11.5 started successfully.
2020-12-09 02:36:10 INFO: Copyright  2013-2016 The NXT Core Developers.
2020-12-09 02:36:10 INFO: Copyright  2016-2017 Jelurida IP B.V.
2020-12-09 02:36:10 INFO: Copyright  2017-2019 HebeBlock.
2020-12-09 02:36:10 INFO: Distributed under GPLv2, with ABSOLUTELY NO WARRANTY.
2020-12-09 02:36:10 INFO: Client UI is at http://localhost:8082/index.html
2020-12-09 02:36:12 INFO: Blockchain download in progress
2020-12-09 02:36:15 FINE: Got 3 confirmations
2020-12-09 02:36:15 INFO: Downloaded 719 blocks in 3 s, 216 per s, 124 min left
2020-12-09 02:36:16 FINE: Peer 35.247.187.229 version 1.11.5 returned error: {"error":"Blockchain download in progress"}, request was: {"blockId":"7786815148153855458","protocol":1,"requestType":"getNextBlocks","blockIds":["3574749452129313795","13170921962033932720","3276430908703783541","3176205104032944646","17529052626129069068","12565866654223779394","17884323506418270960","8727442271464257919","3543570848532723064","11706555282609819743","2654259861852894046","11274508668819253545","2013697295927147575","5616771394690952966","4051999325030220212","18063137334355962042","10569670327270117499","17668617050310374588","13747180935359305626","9483805562731352595","9210232319852280499","3521868154833503952","9346528905820410259","15085111249464346699","6288849498141186217","6194782383419980984","11667829678509685045","11167991827072619084","2813040529638660859","8412737288092699233","1409027407577503512","6705901218101773413","13100598475688367346","14072350993109034328","6770377361525368859","13225041541579914400"]}, disconnecting
2020-12-09 02:36:16 FINE: Peer 35.247.187.229 version 1.11.5 returned error: {"error":"Blockchain download in progress"}, request was: {"blockId":"6873831312594273906","protocol":1,"requestType":"getNextBlocks","blockIds":["13057275314397025903","4708280184241130832","17175046389041211961","8074266562684245678","3858470271832880366","15180203991212501130","13560288677671175584","8714516047896144572","3152030933097974513","8134856826421033210","9611243447855079508","9717257218968325453","1945966323040062932","7576210234689416837","16975453395550757538","638514913238927264","4381863381201371276","4496510525265813883","1990541155650335856","13763482971878356285","16022239972336578801","5390551045150425478","11911723072357269803","11607336996744129645","2145087269466993752","6200949117177888227","5500810031866957994","15259112130803286192","10375614981306778310","8656102767958325372","13726797436291071366","1234480533675230497","132797428399208622","18380142276544286080","16733387285408915877","15108020389615243744"]}, disconnecting
2020-12-09 02:36:16 FINE: Peer 35.247.187.229 version 1.11.5 returned error: {"error":"Blockchain download in progress"}, request was: {"blockId":"12490780889028618023","protocol":1,"requestType":"getNextBlocks","blockIds":["17043083414829147049","12123219023839545612","10917846758253914855","17299029098536819673","9969465881487211205","16573288809328967460","6668468167661830988","11802356644191550393","12369542427410307847","11811569267357550774","738470907808209200","16003115526277752208","1438784053372789092","14084532478770843285","6246668396552898976","17883915455770308498","5375380762409258192","18030975605085442267","7150620418676825071","8849733211587109401","125791458332095391","994069756510858725","18210426115210661669","13406035387188754280","12968088561445385076","16923163505043353427","1424837466029305758","14121893344493656524","17144293813406667213","7977428938718989116","3417058693690938714","16646594478731337616","8594408175234776656","16830763887942806782","17859459091988359147","5635900558448353"]}, disconnecting
2020-12-09 02:36:18 FINE: Got 3 confirmations
2020-12-09 02:36:18 INFO: Downloaded 719 blocks in 3 s, 202 per s, 128 min left
2020-12-09 02:36:21 FINE: Got 3 confirmations
2020-12-09 02:36:21 INFO: Downloaded 719 blocks in 2 s, 219 per s, 121 min left
2020-12-09 02:36:25 FINE: Got 3 confirmations
2020-12-09 02:36:25 INFO: Downloaded 719 blocks in 3 s, 217 per s, 123 min left
2020-12-09 02:36:27 FINE: Got 3 confirmations
2020-12-09 02:36:27 INFO: Downloaded 719 blocks in 2 s, 230 per s, 116 min left
2020-12-09 02:36:29 FINE: Got 3 confirmations
2020-12-09 02:36:29 INFO: Downloaded 719 blocks in 2 s, 240 per s, 111 min left
2020-12-09 02:36:31 FINE: Reed-Solomon decoding failed for ARDO-RX94-9FWS-QBQFD: hebe.crypto.ReedSolomon$CodewordInvalidException
2020-12-09 02:36:31 INFO: received block 5000
2020-12-09 02:36:32 FINE: Got 3 confirmations
2020-12-09 02:36:32 INFO: Downloaded 719 blocks in 2 s, 245 per s, 105 min left
2020-12-09 02:36:35 FINE: Got 3 confirmations
2020-12-09 02:36:35 INFO: Downloaded 719 blocks in 2 s, 245 per s, 108 min left
2020-12-09 02:36:41 FINE: Got 3 confirmations
2020-12-09 02:36:41 INFO: Downloaded 719 blocks in 5 s, 221 per s, 120 min left
2020-12-09 02:36:44 FINE: Got 3 confirmations
2020-12-09 02:36:44 INFO: Downloaded 719 blocks in 3 s, 221 per s, 120 min left
2020-12-09 02:36:47 FINE: Got 3 confirmations
2020-12-09 02:36:47 INFO: Downloaded 719 blocks in 3 s, 222 per s, 120 min left
2020-12-09 02:36:48 FINE: Database connection pool current size: 4
2020-12-09 02:36:49 FINE: Got 3 confirmations
2020-12-09 02:36:49 INFO: Downloaded 719 blocks in 2 s, 228 per s, 116 min left
2020-12-09 02:36:53 FINE: Got 3 confirmations
2020-12-09 02:36:53 INFO: Downloaded 719 blocks in 3 s, 225 per s, 118 min left
2020-12-09 02:36:54 INFO: received block 10000
2020-12-09 02:36:55 FINE: Got 3 confirmations
2020-12-09 02:36:55 INFO: Downloaded 719 blocks in 1 s, 232 per s, 114 min left
2020-12-09 02:36:58 INFO: Shutting down...
2020-12-09 02:36:58 INFO: hebe.maxNumberOfMonitors = "100"
2020-12-09 02:36:58 INFO: Stopping background jobs...
2020-12-09 02:36:58 INFO: shutting down scheduledThreadPool
2020-12-09 02:36:58 FINE: Error sending request to peer 217.12.223.245: Connection has been closed locally
2020-12-09 02:36:58 FINE: 217.12.223.245 took 362 ms, disconnecting
2020-12-09 02:36:58 FINE: WebSocket client not started or shutting down
2020-12-09 02:36:58 FINE: Error sending request to peer 94.191.122.191: WebSocketClient@1793016857 is not started
2020-12-09 02:36:58 FINE: WebSocket client not started or shutting down
2020-12-09 02:36:58 FINE: Error sending request to peer 45.129.2.185: WebSocketClient@1793016857 is not started
2020-12-09 02:36:58 FINE: WebSocket client not started or shutting down
2020-12-09 02:36:58 FINE: Error sending request to peer 95.179.192.164: WebSocketClient@1793016857 is not started
2020-12-09 02:36:58 FINE: WebSocket client not started or shutting down
2020-12-09 02:36:58 FINE: Error sending request to peer 39.105.177.53: WebSocketClient@1793016857 is not started
2020-12-09 02:36:58 FINE: WebSocket client not started or shutting down
2020-12-09 02:36:58 FINE: Error sending request to peer 195.123.247.156: WebSocketClient@1793016857 is not started
2020-12-09 02:36:58 FINE: WebSocket client not started or shutting down
2020-12-09 02:36:58 FINE: Error sending request to peer 82.118.22.111: WebSocketClient@1793016857 is not started
2020-12-09 02:36:58 FINE: WebSocket client not started or shutting down
2020-12-09 02:36:58 FINE: Error sending request to peer 148.70.144.238: WebSocketClient@1793016857 is not started
2020-12-09 02:36:58 FINE: WebSocket client not started or shutting down
2020-12-09 02:36:58 FINE: Error sending request to peer 144.34.143.253: WebSocketClient@1793016857 is not started
2020-12-09 02:36:59 FINE: WebSocket client not started or shutting down
2020-12-09 02:36:59 FINE: Error sending request to peer 65.49.226.145: WebSocketClient@1793016857 is not started
2020-12-09 02:36:59 FINE: WebSocket client not started or shutting down
2020-12-09 02:36:59 FINE: Error sending request to peer 47.110.43.161: WebSocketClient@1793016857 is not started
2020-12-09 02:37:00 FINE: Got 3 confirmations
2020-12-09 02:37:00 INFO: Downloaded 216 blocks in 5 s, 212 per s, 125 min left
2020-12-09 02:37:02 FINE: WebSocket client not started or shutting down
2020-12-09 02:37:02 FINE: WebSocket client not started or shutting down
2020-12-09 02:37:02 FINE: WebSocket client not started or shutting down
2020-12-09 02:37:02 FINE: WebSocket client not started or shutting down
2020-12-09 02:37:02 FINE: Error sending request to peer 94.191.45.64: WebSocketClient@1793016857 is not started
2020-12-09 02:37:02 FINE: Error sending request to peer 195.123.208.136: WebSocketClient@1793016857 is not started
2020-12-09 02:37:02 FINE: WebSocket client not started or shutting down
2020-12-09 02:37:02 FINE: Error sending request to peer 149.28.186.70: WebSocketClient@1793016857 is not started
2020-12-09 02:37:02 FINE: Error sending request to peer 193.112.76.69: WebSocketClient@1793016857 is not started
2020-12-09 02:37:02 FINE: Error sending request to peer 195.123.208.187: WebSocketClient@1793016857 is not started
2020-12-09 02:37:06 FINE: Got 3 confirmations
2020-12-09 02:37:06 INFO: Downloaded 719 blocks in 5 s, 202 per s, 131 min left
2020-12-09 02:37:08 INFO: some threads in scheduledThreadPool didn't terminate, forcing shutdown
2020-12-09 02:37:08 INFO: ...Done
2020-12-09 02:37:08 INFO: shutting down networkService
2020-12-09 02:37:08 SEVERE: Error in blockchain download thread
java.lang.InterruptedException
2020-12-09 02:37:08 INFO: Finished blockchain download
2020-12-09 02:37:08 FINE: Mapping deleted for port 8081
2020-12-09 02:37:08 INFO: shutting down sendingService
2020-12-09 02:37:08 INFO: shutting down peersService
2020-12-09 02:37:08 INFO: Database shutdown completed
2020-12-09 02:37:08 INFO: HEBE server 1.11.5 stopped.
